<?xml version="1.0" encoding="UTF-8"?>
<testsuite xmlns:xsi="http://www.w3.org/2001/XMLSchema-instance" xsi:noNamespaceSchemaLocation="https://maven.apache.org/surefire/maven-surefire-plugin/xsd/surefire-test-report-3.0.xsd" version="3.0" name="TestSuite" time="238.88" tests="15" errors="0" skipped="0" failures="6">
  <properties>
    <property name="java.specification.version" value="21"/>
    <property name="sun.jnu.encoding" value="UTF-8"/>
    <property name="java.class.path" value="/Users/palash/vsCodeProjects/EcommerceApplication/target/test-classes:/Users/palash/vsCodeProjects/EcommerceApplication/target/classes:/Users/palash/.m2/repository/org/seleniumhq/selenium/selenium-java/4.17.0/selenium-java-4.17.0.jar:/Users/palash/.m2/repository/org/seleniumhq/selenium/selenium-api/4.17.0/selenium-api-4.17.0.jar:/Users/palash/.m2/repository/org/seleniumhq/selenium/selenium-chrome-driver/4.17.0/selenium-chrome-driver-4.17.0.jar:/Users/palash/.m2/repository/com/google/auto/service/auto-service-annotations/1.1.1/auto-service-annotations-1.1.1.jar:/Users/palash/.m2/repository/org/seleniumhq/selenium/selenium-chromium-driver/4.17.0/selenium-chromium-driver-4.17.0.jar:/Users/palash/.m2/repository/org/seleniumhq/selenium/selenium-json/4.17.0/selenium-json-4.17.0.jar:/Users/palash/.m2/repository/org/seleniumhq/selenium/selenium-manager/4.17.0/selenium-manager-4.17.0.jar:/Users/palash/.m2/repository/org/seleniumhq/selenium/selenium-devtools-v119/4.17.0/selenium-devtools-v119-4.17.0.jar:/Users/palash/.m2/repository/org/seleniumhq/selenium/selenium-devtools-v120/4.17.0/selenium-devtools-v120-4.17.0.jar:/Users/palash/.m2/repository/org/seleniumhq/selenium/selenium-devtools-v121/4.17.0/selenium-devtools-v121-4.17.0.jar:/Users/palash/.m2/repository/org/seleniumhq/selenium/selenium-devtools-v85/4.17.0/selenium-devtools-v85-4.17.0.jar:/Users/palash/.m2/repository/org/seleniumhq/selenium/selenium-edge-driver/4.17.0/selenium-edge-driver-4.17.0.jar:/Users/palash/.m2/repository/org/seleniumhq/selenium/selenium-firefox-driver/4.17.0/selenium-firefox-driver-4.17.0.jar:/Users/palash/.m2/repository/org/seleniumhq/selenium/selenium-http/4.17.0/selenium-http-4.17.0.jar:/Users/palash/.m2/repository/dev/failsafe/failsafe/3.3.2/failsafe-3.3.2.jar:/Users/palash/.m2/repository/org/seleniumhq/selenium/selenium-ie-driver/4.17.0/selenium-ie-driver-4.17.0.jar:/Users/palash/.m2/repository/org/seleniumhq/selenium/selenium-remote-driver/4.17.0/selenium-remote-driver-4.17.0.jar:/Users/palash/.m2/repository/com/google/guava/guava/33.0.0-jre/guava-33.0.0-jre.jar:/Users/palash/.m2/repository/com/google/guava/failureaccess/1.0.2/failureaccess-1.0.2.jar:/Users/palash/.m2/repository/com/google/guava/listenablefuture/9999.0-empty-to-avoid-conflict-with-guava/listenablefuture-9999.0-empty-to-avoid-conflict-with-guava.jar:/Users/palash/.m2/repository/com/google/code/findbugs/jsr305/3.0.2/jsr305-3.0.2.jar:/Users/palash/.m2/repository/org/checkerframework/checker-qual/3.41.0/checker-qual-3.41.0.jar:/Users/palash/.m2/repository/com/google/errorprone/error_prone_annotations/2.23.0/error_prone_annotations-2.23.0.jar:/Users/palash/.m2/repository/com/google/j2objc/j2objc-annotations/2.8/j2objc-annotations-2.8.jar:/Users/palash/.m2/repository/io/opentelemetry/semconv/opentelemetry-semconv/1.23.1-alpha/opentelemetry-semconv-1.23.1-alpha.jar:/Users/palash/.m2/repository/io/opentelemetry/opentelemetry-api/1.34.1/opentelemetry-api-1.34.1.jar:/Users/palash/.m2/repository/io/opentelemetry/opentelemetry-context/1.34.1/opentelemetry-context-1.34.1.jar:/Users/palash/.m2/repository/io/opentelemetry/opentelemetry-exporter-logging/1.34.1/opentelemetry-exporter-logging-1.34.1.jar:/Users/palash/.m2/repository/io/opentelemetry/opentelemetry-sdk-common/1.34.1/opentelemetry-sdk-common-1.34.1.jar:/Users/palash/.m2/repository/io/opentelemetry/opentelemetry-sdk-extension-autoconfigure-spi/1.34.1/opentelemetry-sdk-extension-autoconfigure-spi-1.34.1.jar:/Users/palash/.m2/repository/io/opentelemetry/opentelemetry-sdk-extension-autoconfigure/1.34.1/opentelemetry-sdk-extension-autoconfigure-1.34.1.jar:/Users/palash/.m2/repository/io/opentelemetry/opentelemetry-api-events/1.34.1-alpha/opentelemetry-api-events-1.34.1-alpha.jar:/Users/palash/.m2/repository/io/opentelemetry/opentelemetry-sdk-trace/1.34.1/opentelemetry-sdk-trace-1.34.1.jar:/Users/palash/.m2/repository/io/opentelemetry/opentelemetry-sdk/1.34.1/opentelemetry-sdk-1.34.1.jar:/Users/palash/.m2/repository/io/opentelemetry/opentelemetry-sdk-metrics/1.34.1/opentelemetry-sdk-metrics-1.34.1.jar:/Users/palash/.m2/repository/io/opentelemetry/opentelemetry-extension-incubator/1.34.1-alpha/opentelemetry-extension-incubator-1.34.1-alpha.jar:/Users/palash/.m2/repository/io/opentelemetry/opentelemetry-sdk-logs/1.34.1/opentelemetry-sdk-logs-1.34.1.jar:/Users/palash/.m2/repository/net/bytebuddy/byte-buddy/1.14.11/byte-buddy-1.14.11.jar:/Users/palash/.m2/repository/org/seleniumhq/selenium/selenium-os/4.17.0/selenium-os-4.17.0.jar:/Users/palash/.m2/repository/org/apache/commons/commons-exec/1.3/commons-exec-1.3.jar:/Users/palash/.m2/repository/org/seleniumhq/selenium/selenium-safari-driver/4.17.0/selenium-safari-driver-4.17.0.jar:/Users/palash/.m2/repository/org/seleniumhq/selenium/selenium-support/4.17.0/selenium-support-4.17.0.jar:/Users/palash/.m2/repository/org/testng/testng/7.7.0/testng-7.7.0.jar:/Users/palash/.m2/repository/org/slf4j/slf4j-api/1.7.36/slf4j-api-1.7.36.jar:/Users/palash/.m2/repository/com/beust/jcommander/1.82/jcommander-1.82.jar:/Users/palash/.m2/repository/org/webjars/jquery/3.6.1/jquery-3.6.1.jar:/Users/palash/.m2/repository/log4j/log4j/1.2.17/log4j-1.2.17.jar:/Users/palash/.m2/repository/org/apache/poi/poi-ooxml/5.2.3/poi-ooxml-5.2.3.jar:/Users/palash/.m2/repository/org/apache/poi/poi-ooxml-lite/5.2.3/poi-ooxml-lite-5.2.3.jar:/Users/palash/.m2/repository/org/apache/xmlbeans/xmlbeans/5.1.1/xmlbeans-5.1.1.jar:/Users/palash/.m2/repository/org/apache/commons/commons-compress/1.21/commons-compress-1.21.jar:/Users/palash/.m2/repository/commons-io/commons-io/2.11.0/commons-io-2.11.0.jar:/Users/palash/.m2/repository/com/github/virtuald/curvesapi/1.07/curvesapi-1.07.jar:/Users/palash/.m2/repository/org/apache/logging/log4j/log4j-api/2.18.0/log4j-api-2.18.0.jar:/Users/palash/.m2/repository/org/apache/commons/commons-collections4/4.4/commons-collections4-4.4.jar:/Users/palash/.m2/repository/org/apache/poi/poi/5.2.3/poi-5.2.3.jar:/Users/palash/.m2/repository/commons-codec/commons-codec/1.15/commons-codec-1.15.jar:/Users/palash/.m2/repository/org/apache/commons/commons-math3/3.6.1/commons-math3-3.6.1.jar:/Users/palash/.m2/repository/com/zaxxer/SparseBitSet/1.2/SparseBitSet-1.2.jar:/Users/palash/.m2/repository/org/apache/logging/log4j/log4j-slf4j-impl/2.19.0/log4j-slf4j-impl-2.19.0.jar:/Users/palash/.m2/repository/org/apache/logging/log4j/log4j-core/2.19.0/log4j-core-2.19.0.jar:"/>
    <property name="java.vm.vendor" value="Oracle Corporation"/>
    <property name="sun.arch.data.model" value="64"/>
    <property name="java.vendor.url" value="https://java.oracle.com/"/>
    <property name="user.timezone" value="Asia/Kolkata"/>
    <property name="os.name" value="Mac OS X"/>
    <property name="java.vm.specification.version" value="21"/>
    <property name="sun.java.launcher" value="SUN_STANDARD"/>
    <property name="user.country" value="IN"/>
    <property name="sun.boot.library.path" value="/Library/Java/JavaVirtualMachines/jdk-21.jdk/Contents/Home/lib"/>
    <property name="sun.java.command" value="/Users/palash/vsCodeProjects/EcommerceApplication/target/surefire/surefirebooter-20240206222610048_3.jar /Users/palash/vsCodeProjects/EcommerceApplication/target/surefire 2024-02-06T22-26-10_002-jvmRun1 surefire-20240206222610048_1tmp surefire_0-20240206222610048_2tmp"/>
    <property name="http.nonProxyHosts" value="local|*.local|169.254/16|*.169.254/16"/>
    <property name="jdk.debug" value="release"/>
    <property name="surefire.test.class.path" value="/Users/palash/vsCodeProjects/EcommerceApplication/target/test-classes:/Users/palash/vsCodeProjects/EcommerceApplication/target/classes:/Users/palash/.m2/repository/org/seleniumhq/selenium/selenium-java/4.17.0/selenium-java-4.17.0.jar:/Users/palash/.m2/repository/org/seleniumhq/selenium/selenium-api/4.17.0/selenium-api-4.17.0.jar:/Users/palash/.m2/repository/org/seleniumhq/selenium/selenium-chrome-driver/4.17.0/selenium-chrome-driver-4.17.0.jar:/Users/palash/.m2/repository/com/google/auto/service/auto-service-annotations/1.1.1/auto-service-annotations-1.1.1.jar:/Users/palash/.m2/repository/org/seleniumhq/selenium/selenium-chromium-driver/4.17.0/selenium-chromium-driver-4.17.0.jar:/Users/palash/.m2/repository/org/seleniumhq/selenium/selenium-json/4.17.0/selenium-json-4.17.0.jar:/Users/palash/.m2/repository/org/seleniumhq/selenium/selenium-manager/4.17.0/selenium-manager-4.17.0.jar:/Users/palash/.m2/repository/org/seleniumhq/selenium/selenium-devtools-v119/4.17.0/selenium-devtools-v119-4.17.0.jar:/Users/palash/.m2/repository/org/seleniumhq/selenium/selenium-devtools-v120/4.17.0/selenium-devtools-v120-4.17.0.jar:/Users/palash/.m2/repository/org/seleniumhq/selenium/selenium-devtools-v121/4.17.0/selenium-devtools-v121-4.17.0.jar:/Users/palash/.m2/repository/org/seleniumhq/selenium/selenium-devtools-v85/4.17.0/selenium-devtools-v85-4.17.0.jar:/Users/palash/.m2/repository/org/seleniumhq/selenium/selenium-edge-driver/4.17.0/selenium-edge-driver-4.17.0.jar:/Users/palash/.m2/repository/org/seleniumhq/selenium/selenium-firefox-driver/4.17.0/selenium-firefox-driver-4.17.0.jar:/Users/palash/.m2/repository/org/seleniumhq/selenium/selenium-http/4.17.0/selenium-http-4.17.0.jar:/Users/palash/.m2/repository/dev/failsafe/failsafe/3.3.2/failsafe-3.3.2.jar:/Users/palash/.m2/repository/org/seleniumhq/selenium/selenium-ie-driver/4.17.0/selenium-ie-driver-4.17.0.jar:/Users/palash/.m2/repository/org/seleniumhq/selenium/selenium-remote-driver/4.17.0/selenium-remote-driver-4.17.0.jar:/Users/palash/.m2/repository/com/google/guava/guava/33.0.0-jre/guava-33.0.0-jre.jar:/Users/palash/.m2/repository/com/google/guava/failureaccess/1.0.2/failureaccess-1.0.2.jar:/Users/palash/.m2/repository/com/google/guava/listenablefuture/9999.0-empty-to-avoid-conflict-with-guava/listenablefuture-9999.0-empty-to-avoid-conflict-with-guava.jar:/Users/palash/.m2/repository/com/google/code/findbugs/jsr305/3.0.2/jsr305-3.0.2.jar:/Users/palash/.m2/repository/org/checkerframework/checker-qual/3.41.0/checker-qual-3.41.0.jar:/Users/palash/.m2/repository/com/google/errorprone/error_prone_annotations/2.23.0/error_prone_annotations-2.23.0.jar:/Users/palash/.m2/repository/com/google/j2objc/j2objc-annotations/2.8/j2objc-annotations-2.8.jar:/Users/palash/.m2/repository/io/opentelemetry/semconv/opentelemetry-semconv/1.23.1-alpha/opentelemetry-semconv-1.23.1-alpha.jar:/Users/palash/.m2/repository/io/opentelemetry/opentelemetry-api/1.34.1/opentelemetry-api-1.34.1.jar:/Users/palash/.m2/repository/io/opentelemetry/opentelemetry-context/1.34.1/opentelemetry-context-1.34.1.jar:/Users/palash/.m2/repository/io/opentelemetry/opentelemetry-exporter-logging/1.34.1/opentelemetry-exporter-logging-1.34.1.jar:/Users/palash/.m2/repository/io/opentelemetry/opentelemetry-sdk-common/1.34.1/opentelemetry-sdk-common-1.34.1.jar:/Users/palash/.m2/repository/io/opentelemetry/opentelemetry-sdk-extension-autoconfigure-spi/1.34.1/opentelemetry-sdk-extension-autoconfigure-spi-1.34.1.jar:/Users/palash/.m2/repository/io/opentelemetry/opentelemetry-sdk-extension-autoconfigure/1.34.1/opentelemetry-sdk-extension-autoconfigure-1.34.1.jar:/Users/palash/.m2/repository/io/opentelemetry/opentelemetry-api-events/1.34.1-alpha/opentelemetry-api-events-1.34.1-alpha.jar:/Users/palash/.m2/repository/io/opentelemetry/opentelemetry-sdk-trace/1.34.1/opentelemetry-sdk-trace-1.34.1.jar:/Users/palash/.m2/repository/io/opentelemetry/opentelemetry-sdk/1.34.1/opentelemetry-sdk-1.34.1.jar:/Users/palash/.m2/repository/io/opentelemetry/opentelemetry-sdk-metrics/1.34.1/opentelemetry-sdk-metrics-1.34.1.jar:/Users/palash/.m2/repository/io/opentelemetry/opentelemetry-extension-incubator/1.34.1-alpha/opentelemetry-extension-incubator-1.34.1-alpha.jar:/Users/palash/.m2/repository/io/opentelemetry/opentelemetry-sdk-logs/1.34.1/opentelemetry-sdk-logs-1.34.1.jar:/Users/palash/.m2/repository/net/bytebuddy/byte-buddy/1.14.11/byte-buddy-1.14.11.jar:/Users/palash/.m2/repository/org/seleniumhq/selenium/selenium-os/4.17.0/selenium-os-4.17.0.jar:/Users/palash/.m2/repository/org/apache/commons/commons-exec/1.3/commons-exec-1.3.jar:/Users/palash/.m2/repository/org/seleniumhq/selenium/selenium-safari-driver/4.17.0/selenium-safari-driver-4.17.0.jar:/Users/palash/.m2/repository/org/seleniumhq/selenium/selenium-support/4.17.0/selenium-support-4.17.0.jar:/Users/palash/.m2/repository/org/testng/testng/7.7.0/testng-7.7.0.jar:/Users/palash/.m2/repository/org/slf4j/slf4j-api/1.7.36/slf4j-api-1.7.36.jar:/Users/palash/.m2/repository/com/beust/jcommander/1.82/jcommander-1.82.jar:/Users/palash/.m2/repository/org/webjars/jquery/3.6.1/jquery-3.6.1.jar:/Users/palash/.m2/repository/log4j/log4j/1.2.17/log4j-1.2.17.jar:/Users/palash/.m2/repository/org/apache/poi/poi-ooxml/5.2.3/poi-ooxml-5.2.3.jar:/Users/palash/.m2/repository/org/apache/poi/poi-ooxml-lite/5.2.3/poi-ooxml-lite-5.2.3.jar:/Users/palash/.m2/repository/org/apache/xmlbeans/xmlbeans/5.1.1/xmlbeans-5.1.1.jar:/Users/palash/.m2/repository/org/apache/commons/commons-compress/1.21/commons-compress-1.21.jar:/Users/palash/.m2/repository/commons-io/commons-io/2.11.0/commons-io-2.11.0.jar:/Users/palash/.m2/repository/com/github/virtuald/curvesapi/1.07/curvesapi-1.07.jar:/Users/palash/.m2/repository/org/apache/logging/log4j/log4j-api/2.18.0/log4j-api-2.18.0.jar:/Users/palash/.m2/repository/org/apache/commons/commons-collections4/4.4/commons-collections4-4.4.jar:/Users/palash/.m2/repository/org/apache/poi/poi/5.2.3/poi-5.2.3.jar:/Users/palash/.m2/repository/commons-codec/commons-codec/1.15/commons-codec-1.15.jar:/Users/palash/.m2/repository/org/apache/commons/commons-math3/3.6.1/commons-math3-3.6.1.jar:/Users/palash/.m2/repository/com/zaxxer/SparseBitSet/1.2/SparseBitSet-1.2.jar:/Users/palash/.m2/repository/org/apache/logging/log4j/log4j-slf4j-impl/2.19.0/log4j-slf4j-impl-2.19.0.jar:/Users/palash/.m2/repository/org/apache/logging/log4j/log4j-core/2.19.0/log4j-core-2.19.0.jar:"/>
    <property name="sun.cpu.endian" value="little"/>
    <property name="user.home" value="/Users/palash"/>
    <property name="user.language" value="en"/>
    <property name="java.specification.vendor" value="Oracle Corporation"/>
    <property name="java.version.date" value="2023-10-17"/>
    <property name="java.home" value="/Library/Java/JavaVirtualMachines/jdk-21.jdk/Contents/Home"/>
    <property name="file.separator" value="/"/>
    <property name="basedir" value="/Users/palash/vsCodeProjects/EcommerceApplication"/>
    <property name="java.vm.compressedOopsMode" value="Zero based"/>
    <property name="line.separator" value="&#10;"/>
    <property name="java.vm.specification.vendor" value="Oracle Corporation"/>
    <property name="java.specification.name" value="Java Platform API Specification"/>
    <property name="apple.awt.application.name" value="ForkedBooter"/>
    <property name="surefire.real.class.path" value="/Users/palash/vsCodeProjects/EcommerceApplication/target/surefire/surefirebooter-20240206222610048_3.jar"/>
    <property name="sun.management.compiler" value="HotSpot 64-Bit Tiered Compilers"/>
    <property name="ftp.nonProxyHosts" value="local|*.local|169.254/16|*.169.254/16"/>
    <property name="java.runtime.version" value="21.0.1+12-LTS-29"/>
    <property name="user.name" value="palash"/>
    <property name="stdout.encoding" value="US-ASCII"/>
    <property name="path.separator" value=":"/>
    <property name="os.version" value="14.3"/>
    <property name="java.runtime.name" value="Java(TM) SE Runtime Environment"/>
    <property name="file.encoding" value="UTF-8"/>
    <property name="java.vm.name" value="Java HotSpot(TM) 64-Bit Server VM"/>
    <property name="localRepository" value="/Users/palash/.m2/repository"/>
    <property name="java.vendor.url.bug" value="https://bugreport.java.com/bugreport/"/>
    <property name="java.io.tmpdir" value="/var/folders/9y/26jvmzyn5l14f5yp642kbh_c0000gn/T/"/>
    <property name="idea.version" value="2023.3.3"/>
    <property name="java.version" value="21.0.1"/>
    <property name="user.dir" value="/Users/palash/vsCodeProjects/EcommerceApplication"/>
    <property name="os.arch" value="aarch64"/>
    <property name="java.vm.specification.name" value="Java Virtual Machine Specification"/>
    <property name="native.encoding" value="US-ASCII"/>
    <property name="java.library.path" value="/Users/palash/Library/Java/Extensions:/Library/Java/Extensions:/Network/Library/Java/Extensions:/System/Library/Java/Extensions:/usr/lib/java:."/>
    <property name="java.vm.info" value="mixed mode, sharing"/>
    <property name="stderr.encoding" value="US-ASCII"/>
    <property name="java.vendor" value="Oracle Corporation"/>
    <property name="java.vm.version" value="21.0.1+12-LTS-29"/>
    <property name="sun.io.unicode.encoding" value="UnicodeBig"/>
    <property name="socksNonProxyHosts" value="local|*.local|169.254/16|*.169.254/16"/>
    <property name="java.class.version" value="65.0"/>
    <property name="current.date.time" value="06_02_2024_22_29"/>
  </properties>
  <testcase name="verifyCart" classname="TestScripts.VerifyTechPandaTest" time="12.089">
    <failure message="Expected condition failed: waiting for visibility of element located by By.xpath: //li[@class=&apos;item last&apos;]/div/h2/a[text()=&apos;%s&apos;]//following::div[@class=&apos;actions&apos;]/button[@title=&apos;Add to Cart&apos;] (tried for 10 second(s) with 500 milliseconds interval)&#10;Build info: version: &apos;4.17.0&apos;, revision: &apos;e52b1be057*&apos;&#10;System info: os.name: &apos;Mac OS X&apos;, os.arch: &apos;aarch64&apos;, os.version: &apos;14.3&apos;, java.version: &apos;21.0.1&apos;&#10;Driver info: org.openqa.selenium.chrome.ChromeDriver&#10;Capabilities {acceptInsecureCerts: false, browserName: chrome, browserVersion: 121.0.6167.139, chrome: {chromedriverVersion: 121.0.6167.85 (3f98d690ad7e..., userDataDir: /var/folders/9y/26jvmzyn5l1...}, fedcm:accounts: true, goog:chromeOptions: {debuggerAddress: localhost:50493}, networkConnectionEnabled: false, pageLoadStrategy: normal, platformName: mac, proxy: Proxy(), se:cdp: ws://localhost:50493/devtoo..., se:cdpVersion: 121.0.6167.139, setWindowRect: true, strictFileInteractability: false, timeouts: {implicit: 0, pageLoad: 300000, script: 30000}, unhandledPromptBehavior: dismiss and notify, webauthn:extension:credBlob: true, webauthn:extension:largeBlob: true, webauthn:extension:minPinLength: true, webauthn:extension:prf: true, webauthn:virtualAuthenticators: true}&#10;Session ID: a83cba8f5cfd81fa2fe1d1fd0f0fc67b" type="org.openqa.selenium.TimeoutException"><![CDATA[org.openqa.selenium.TimeoutException: 
Expected condition failed: waiting for visibility of element located by By.xpath: //li[@class='item last']/div/h2/a[text()='%s']//following::div[@class='actions']/button[@title='Add to Cart'] (tried for 10 second(s) with 500 milliseconds interval)
Build info: version: '4.17.0', revision: 'e52b1be057*'
System info: os.name: 'Mac OS X', os.arch: 'aarch64', os.version: '14.3', java.version: '21.0.1'
Driver info: org.openqa.selenium.chrome.ChromeDriver
Capabilities {acceptInsecureCerts: false, browserName: chrome, browserVersion: 121.0.6167.139, chrome: {chromedriverVersion: 121.0.6167.85 (3f98d690ad7e..., userDataDir: /var/folders/9y/26jvmzyn5l1...}, fedcm:accounts: true, goog:chromeOptions: {debuggerAddress: localhost:50493}, networkConnectionEnabled: false, pageLoadStrategy: normal, platformName: mac, proxy: Proxy(), se:cdp: ws://localhost:50493/devtoo..., se:cdpVersion: 121.0.6167.139, setWindowRect: true, strictFileInteractability: false, timeouts: {implicit: 0, pageLoad: 300000, script: 30000}, unhandledPromptBehavior: dismiss and notify, webauthn:extension:credBlob: true, webauthn:extension:largeBlob: true, webauthn:extension:minPinLength: true, webauthn:extension:prf: true, webauthn:virtualAuthenticators: true}
Session ID: a83cba8f5cfd81fa2fe1d1fd0f0fc67b
	at org.openqa.selenium.support.ui.WebDriverWait.timeoutException(WebDriverWait.java:84)
	at org.openqa.selenium.support.ui.FluentWait.until(FluentWait.java:228)
	at Base.PredefinedActions.getElement(PredefinedActions.java:138)
	at Base.PredefinedActions.clickOnElement(PredefinedActions.java:225)
	at Pages.MobilePage.addToCartBtn(MobilePage.java:58)
	at TestScripts.VerifyTechPandaTest.verifyCart(VerifyTechPandaTest.java:61)
	at java.base/jdk.internal.reflect.DirectMethodHandleAccessor.invoke(DirectMethodHandleAccessor.java:103)
	at java.base/java.lang.reflect.Method.invoke(Method.java:580)
	at org.testng.internal.invokers.MethodInvocationHelper.invokeMethod(MethodInvocationHelper.java:139)
	at org.testng.internal.invokers.TestInvoker.invokeMethod(TestInvoker.java:677)
	at org.testng.internal.invokers.TestInvoker.invokeTestMethod(TestInvoker.java:221)
	at org.testng.internal.invokers.MethodRunner.runInSequence(MethodRunner.java:50)
	at org.testng.internal.invokers.TestInvoker$MethodInvocationAgent.invoke(TestInvoker.java:969)
	at org.testng.internal.invokers.TestInvoker.invokeTestMethods(TestInvoker.java:194)
	at org.testng.internal.invokers.TestMethodWorker.invokeTestMethods(TestMethodWorker.java:148)
	at org.testng.internal.invokers.TestMethodWorker.run(TestMethodWorker.java:128)
	at java.base/java.util.ArrayList.forEach(ArrayList.java:1596)
	at org.testng.TestRunner.privateRun(TestRunner.java:829)
	at org.testng.TestRunner.run(TestRunner.java:602)
	at org.testng.SuiteRunner.runTest(SuiteRunner.java:437)
	at org.testng.SuiteRunner.runSequentially(SuiteRunner.java:431)
	at org.testng.SuiteRunner.privateRun(SuiteRunner.java:391)
	at org.testng.SuiteRunner.run(SuiteRunner.java:330)
	at org.testng.SuiteRunnerWorker.runSuite(SuiteRunnerWorker.java:52)
	at org.testng.SuiteRunnerWorker.run(SuiteRunnerWorker.java:95)
	at org.testng.TestNG.runSuitesSequentially(TestNG.java:1256)
	at org.testng.TestNG.runSuitesLocally(TestNG.java:1176)
	at org.testng.TestNG.runSuites(TestNG.java:1099)
	at org.testng.TestNG.run(TestNG.java:1067)
	at org.apache.maven.surefire.testng.TestNGExecutor.run(TestNGExecutor.java:155)
	at org.apache.maven.surefire.testng.TestNGDirectoryTestSuite.executeMulti(TestNGDirectoryTestSuite.java:169)
	at org.apache.maven.surefire.testng.TestNGDirectoryTestSuite.execute(TestNGDirectoryTestSuite.java:88)
	at org.apache.maven.surefire.testng.TestNGProvider.invoke(TestNGProvider.java:137)
	at org.apache.maven.surefire.booter.ForkedBooter.runSuitesInProcess(ForkedBooter.java:385)
	at org.apache.maven.surefire.booter.ForkedBooter.execute(ForkedBooter.java:162)
	at org.apache.maven.surefire.booter.ForkedBooter.run(ForkedBooter.java:507)
	at org.apache.maven.surefire.booter.ForkedBooter.main(ForkedBooter.java:495)
]]></failure>
    <system-out><![CDATA[06 February 2024 22:26:20  0 [main] [TRACE] Base.PredefinedActions [PredefinedActions.java:61] - User able to open the browser
06 February 2024 22:26:26  5704 [main] [TRACE] Base.PredefinedActions [PredefinedActions.java:63] - User able to open the http://live.techpanda.org/index.php/
06 February 2024 22:26:26  5753 [main] [TRACE] Base.PredefinedActions [PredefinedActions.java:141] - User is trying to get the element
06 February 2024 22:26:27  7502 [main] [TRACE] Base.PredefinedActions [PredefinedActions.java:229] - User able to click on Elements
]]></system-out>
  </testcase>
  <testcase name="verifyDiscountCoupon" classname="TestScripts.VerifyTechPandaTest" time="4.785">
    <failure message="Discount does not get applied expected [500.0] but found [475.0]" type="java.lang.AssertionError"><![CDATA[java.lang.AssertionError: Discount does not get applied expected [500.0] but found [475.0]
	at org.testng.Assert.fail(Assert.java:110)
	at org.testng.Assert.failNotEquals(Assert.java:1413)
	at org.testng.Assert.assertEquals(Assert.java:727)
	at TestScripts.VerifyTechPandaTest.verifyDiscountCoupon(VerifyTechPandaTest.java:251)
	at java.base/jdk.internal.reflect.DirectMethodHandleAccessor.invoke(DirectMethodHandleAccessor.java:103)
	at java.base/java.lang.reflect.Method.invoke(Method.java:580)
	at org.testng.internal.invokers.MethodInvocationHelper.invokeMethod(MethodInvocationHelper.java:139)
	at org.testng.internal.invokers.TestInvoker.invokeMethod(TestInvoker.java:677)
	at org.testng.internal.invokers.TestInvoker.invokeTestMethod(TestInvoker.java:221)
	at org.testng.internal.invokers.MethodRunner.runInSequence(MethodRunner.java:50)
	at org.testng.internal.invokers.TestInvoker$MethodInvocationAgent.invoke(TestInvoker.java:969)
	at org.testng.internal.invokers.TestInvoker.invokeTestMethods(TestInvoker.java:194)
	at org.testng.internal.invokers.TestMethodWorker.invokeTestMethods(TestMethodWorker.java:148)
	at org.testng.internal.invokers.TestMethodWorker.run(TestMethodWorker.java:128)
	at java.base/java.util.ArrayList.forEach(ArrayList.java:1596)
	at org.testng.TestRunner.privateRun(TestRunner.java:829)
	at org.testng.TestRunner.run(TestRunner.java:602)
	at org.testng.SuiteRunner.runTest(SuiteRunner.java:437)
	at org.testng.SuiteRunner.runSequentially(SuiteRunner.java:431)
	at org.testng.SuiteRunner.privateRun(SuiteRunner.java:391)
	at org.testng.SuiteRunner.run(SuiteRunner.java:330)
	at org.testng.SuiteRunnerWorker.runSuite(SuiteRunnerWorker.java:52)
	at org.testng.SuiteRunnerWorker.run(SuiteRunnerWorker.java:95)
	at org.testng.TestNG.runSuitesSequentially(TestNG.java:1256)
	at org.testng.TestNG.runSuitesLocally(TestNG.java:1176)
	at org.testng.TestNG.runSuites(TestNG.java:1099)
	at org.testng.TestNG.run(TestNG.java:1067)
	at org.apache.maven.surefire.testng.TestNGExecutor.run(TestNGExecutor.java:155)
	at org.apache.maven.surefire.testng.TestNGDirectoryTestSuite.executeMulti(TestNGDirectoryTestSuite.java:169)
	at org.apache.maven.surefire.testng.TestNGDirectoryTestSuite.execute(TestNGDirectoryTestSuite.java:88)
	at org.apache.maven.surefire.testng.TestNGProvider.invoke(TestNGProvider.java:137)
	at org.apache.maven.surefire.booter.ForkedBooter.runSuitesInProcess(ForkedBooter.java:385)
	at org.apache.maven.surefire.booter.ForkedBooter.execute(ForkedBooter.java:162)
	at org.apache.maven.surefire.booter.ForkedBooter.run(ForkedBooter.java:507)
	at org.apache.maven.surefire.booter.ForkedBooter.main(ForkedBooter.java:495)
]]></failure>
    <system-out><![CDATA[06 February 2024 22:26:39  19449 [main] [TRACE] Base.PredefinedActions [PredefinedActions.java:61] - User able to open the browser
06 February 2024 22:26:43  23519 [main] [TRACE] Base.PredefinedActions [PredefinedActions.java:63] - User able to open the http://live.techpanda.org/index.php/
06 February 2024 22:26:43  23534 [main] [TRACE] Base.PredefinedActions [PredefinedActions.java:141] - User is trying to get the element
06 February 2024 22:26:45  25260 [main] [TRACE] Base.PredefinedActions [PredefinedActions.java:229] - User able to click on Elements
06 February 2024 22:26:45  25271 [main] [TRACE] Base.PredefinedActions [PredefinedActions.java:141] - User is trying to get the element
06 February 2024 22:26:47  26845 [main] [TRACE] Base.PredefinedActions [PredefinedActions.java:229] - User able to click on Elements
06 February 2024 22:26:47  26856 [main] [TRACE] Base.PredefinedActions [PredefinedActions.java:141] - User is trying to get the element
06 February 2024 22:26:47  26935 [main] [TRACE] Base.PredefinedActions [PredefinedActions.java:236] - User able to enter the text
06 February 2024 22:26:47  26946 [main] [TRACE] Base.PredefinedActions [PredefinedActions.java:141] - User is trying to get the element
06 February 2024 22:26:48  28258 [main] [TRACE] Base.PredefinedActions [PredefinedActions.java:229] - User able to click on Elements
06 February 2024 22:26:48  28268 [main] [TRACE] Base.PredefinedActions [PredefinedActions.java:141] - User is trying to get the element
06 February 2024 22:26:48  28275 [main] [TRACE] Base.PredefinedActions [PredefinedActions.java:197] - User is trying to get Element text
06 February 2024 22:26:48  28284 [main] [TRACE] Base.PredefinedActions [PredefinedActions.java:141] - User is trying to get the element
06 February 2024 22:26:48  28287 [main] [TRACE] Base.PredefinedActions [PredefinedActions.java:197] - User is trying to get Element text
06 February 2024 22:26:48  28298 [main] [TRACE] Base.PredefinedActions [PredefinedActions.java:141] - User is trying to get the element
06 February 2024 22:26:48  28301 [main] [TRACE] Base.PredefinedActions [PredefinedActions.java:197] - User is trying to get Element text
06 February 2024 22:26:48  28302 [main] [INFO] TestScripts.VerifyTechPandaTest [VerifyTechPandaTest.java:250] - Actual price should be is 475.0, Actual Price is 500.0
]]></system-out>
  </testcase>
  <testcase name="verifyPdfFileSaving" classname="TestScripts.VerifyTechPandaTest" time="13.784">
    <failure message="Expected condition failed: waiting for visibility of element located by By.xpath: //td[text()=&apos;100017735&apos;]//following::td[@class=&apos;a-center view last&apos;]/span/a[text()=&apos;View Order&apos;] (tried for 10 second(s) with 500 milliseconds interval)&#10;Build info: version: &apos;4.17.0&apos;, revision: &apos;e52b1be057*&apos;&#10;System info: os.name: &apos;Mac OS X&apos;, os.arch: &apos;aarch64&apos;, os.version: &apos;14.3&apos;, java.version: &apos;21.0.1&apos;&#10;Driver info: org.openqa.selenium.chrome.ChromeDriver&#10;Capabilities {acceptInsecureCerts: false, browserName: chrome, browserVersion: 121.0.6167.139, chrome: {chromedriverVersion: 121.0.6167.85 (3f98d690ad7e..., userDataDir: /var/folders/9y/26jvmzyn5l1...}, fedcm:accounts: true, goog:chromeOptions: {debuggerAddress: localhost:50722}, networkConnectionEnabled: false, pageLoadStrategy: normal, platformName: mac, proxy: Proxy(), se:cdp: ws://localhost:50722/devtoo..., se:cdpVersion: 121.0.6167.139, setWindowRect: true, strictFileInteractability: false, timeouts: {implicit: 0, pageLoad: 300000, script: 30000}, unhandledPromptBehavior: dismiss and notify, webauthn:extension:credBlob: true, webauthn:extension:largeBlob: true, webauthn:extension:minPinLength: true, webauthn:extension:prf: true, webauthn:virtualAuthenticators: true}&#10;Session ID: 5e9f021b2e503d6416fe39cdc1f076cb" type="org.openqa.selenium.TimeoutException"><![CDATA[org.openqa.selenium.TimeoutException: 
Expected condition failed: waiting for visibility of element located by By.xpath: //td[text()='100017735']//following::td[@class='a-center view last']/span/a[text()='View Order'] (tried for 10 second(s) with 500 milliseconds interval)
Build info: version: '4.17.0', revision: 'e52b1be057*'
System info: os.name: 'Mac OS X', os.arch: 'aarch64', os.version: '14.3', java.version: '21.0.1'
Driver info: org.openqa.selenium.chrome.ChromeDriver
Capabilities {acceptInsecureCerts: false, browserName: chrome, browserVersion: 121.0.6167.139, chrome: {chromedriverVersion: 121.0.6167.85 (3f98d690ad7e..., userDataDir: /var/folders/9y/26jvmzyn5l1...}, fedcm:accounts: true, goog:chromeOptions: {debuggerAddress: localhost:50722}, networkConnectionEnabled: false, pageLoadStrategy: normal, platformName: mac, proxy: Proxy(), se:cdp: ws://localhost:50722/devtoo..., se:cdpVersion: 121.0.6167.139, setWindowRect: true, strictFileInteractability: false, timeouts: {implicit: 0, pageLoad: 300000, script: 30000}, unhandledPromptBehavior: dismiss and notify, webauthn:extension:credBlob: true, webauthn:extension:largeBlob: true, webauthn:extension:minPinLength: true, webauthn:extension:prf: true, webauthn:virtualAuthenticators: true}
Session ID: 5e9f021b2e503d6416fe39cdc1f076cb
	at org.openqa.selenium.support.ui.WebDriverWait.timeoutException(WebDriverWait.java:84)
	at org.openqa.selenium.support.ui.FluentWait.until(FluentWait.java:228)
	at Base.PredefinedActions.getElement(PredefinedActions.java:138)
	at Base.PredefinedActions.clickOnElement(PredefinedActions.java:225)
	at Pages.AccountDashboardPage.clickOnViewOrder(AccountDashboardPage.java:58)
	at TestScripts.VerifyTechPandaTest.verifyPdfFileSaving(VerifyTechPandaTest.java:190)
	at java.base/jdk.internal.reflect.DirectMethodHandleAccessor.invoke(DirectMethodHandleAccessor.java:103)
	at java.base/java.lang.reflect.Method.invoke(Method.java:580)
	at org.testng.internal.invokers.MethodInvocationHelper.invokeMethod(MethodInvocationHelper.java:139)
	at org.testng.internal.invokers.TestInvoker.invokeMethod(TestInvoker.java:677)
	at org.testng.internal.invokers.TestInvoker.invokeTestMethod(TestInvoker.java:221)
	at org.testng.internal.invokers.MethodRunner.runInSequence(MethodRunner.java:50)
	at org.testng.internal.invokers.TestInvoker$MethodInvocationAgent.invoke(TestInvoker.java:969)
	at org.testng.internal.invokers.TestInvoker.invokeTestMethods(TestInvoker.java:194)
	at org.testng.internal.invokers.TestMethodWorker.invokeTestMethods(TestMethodWorker.java:148)
	at org.testng.internal.invokers.TestMethodWorker.run(TestMethodWorker.java:128)
	at java.base/java.util.ArrayList.forEach(ArrayList.java:1596)
	at org.testng.TestRunner.privateRun(TestRunner.java:829)
	at org.testng.TestRunner.run(TestRunner.java:602)
	at org.testng.SuiteRunner.runTest(SuiteRunner.java:437)
	at org.testng.SuiteRunner.runSequentially(SuiteRunner.java:431)
	at org.testng.SuiteRunner.privateRun(SuiteRunner.java:391)
	at org.testng.SuiteRunner.run(SuiteRunner.java:330)
	at org.testng.SuiteRunnerWorker.runSuite(SuiteRunnerWorker.java:52)
	at org.testng.SuiteRunnerWorker.run(SuiteRunnerWorker.java:95)
	at org.testng.TestNG.runSuitesSequentially(TestNG.java:1256)
	at org.testng.TestNG.runSuitesLocally(TestNG.java:1176)
	at org.testng.TestNG.runSuites(TestNG.java:1099)
	at org.testng.TestNG.run(TestNG.java:1067)
	at org.apache.maven.surefire.testng.TestNGExecutor.run(TestNGExecutor.java:155)
	at org.apache.maven.surefire.testng.TestNGDirectoryTestSuite.executeMulti(TestNGDirectoryTestSuite.java:169)
	at org.apache.maven.surefire.testng.TestNGDirectoryTestSuite.execute(TestNGDirectoryTestSuite.java:88)
	at org.apache.maven.surefire.testng.TestNGProvider.invoke(TestNGProvider.java:137)
	at org.apache.maven.surefire.booter.ForkedBooter.runSuitesInProcess(ForkedBooter.java:385)
	at org.apache.maven.surefire.booter.ForkedBooter.execute(ForkedBooter.java:162)
	at org.apache.maven.surefire.booter.ForkedBooter.run(ForkedBooter.java:507)
	at org.apache.maven.surefire.booter.ForkedBooter.main(ForkedBooter.java:495)
]]></failure>
    <system-out><![CDATA[06 February 2024 22:26:50  29917 [main] [TRACE] Base.PredefinedActions [PredefinedActions.java:61] - User able to open the browser
06 February 2024 22:26:54  34279 [main] [TRACE] Base.PredefinedActions [PredefinedActions.java:63] - User able to open the http://live.techpanda.org/index.php/
06 February 2024 22:26:54  34291 [main] [TRACE] Base.PredefinedActions [PredefinedActions.java:141] - User is trying to get the element
06 February 2024 22:26:56  35960 [main] [TRACE] Base.PredefinedActions [PredefinedActions.java:229] - User able to click on Elements
06 February 2024 22:26:56  35972 [main] [TRACE] Base.PredefinedActions [PredefinedActions.java:141] - User is trying to get the element
06 February 2024 22:26:56  36051 [main] [TRACE] Base.PredefinedActions [PredefinedActions.java:236] - User able to enter the text
06 February 2024 22:26:56  36061 [main] [TRACE] Base.PredefinedActions [PredefinedActions.java:141] - User is trying to get the element
06 February 2024 22:26:56  36090 [main] [TRACE] Base.PredefinedActions [PredefinedActions.java:236] - User able to enter the text
06 February 2024 22:26:56  36103 [main] [TRACE] Base.PredefinedActions [PredefinedActions.java:141] - User is trying to get the element
06 February 2024 22:26:57  37343 [main] [TRACE] Base.PredefinedActions [PredefinedActions.java:229] - User able to click on Elements
06 February 2024 22:26:57  37355 [main] [TRACE] Base.PredefinedActions [PredefinedActions.java:141] - User is trying to get the element
06 February 2024 22:26:58  37889 [main] [TRACE] Base.PredefinedActions [PredefinedActions.java:229] - User able to click on Elements
]]></system-out>
  </testcase>
  <testcase name="verifyPriceOfProduct" classname="TestScripts.VerifyTechPandaTest" time="4.999">
    <system-out><![CDATA[06 February 2024 22:27:10  49651 [main] [TRACE] Base.PredefinedActions [PredefinedActions.java:61] - User able to open the browser
06 February 2024 22:27:14  53763 [main] [TRACE] Base.PredefinedActions [PredefinedActions.java:63] - User able to open the http://live.techpanda.org/index.php/
06 February 2024 22:27:14  53822 [main] [TRACE] Base.PredefinedActions [PredefinedActions.java:141] - User is trying to get the element
06 February 2024 22:27:16  56377 [main] [TRACE] Base.PredefinedActions [PredefinedActions.java:229] - User able to click on Elements
06 February 2024 22:27:16  56389 [main] [TRACE] Base.PredefinedActions [PredefinedActions.java:141] - User is trying to get the element
06 February 2024 22:27:16  56395 [main] [TRACE] Base.PredefinedActions [PredefinedActions.java:197] - User is trying to get Element text
06 February 2024 22:27:16  56395 [main] [INFO] TestScripts.VerifyTechPandaTest [VerifyTechPandaTest.java:46] - Actual Price in Mobile list Page $100.00
06 February 2024 22:27:16  56405 [main] [TRACE] Base.PredefinedActions [PredefinedActions.java:141] - User is trying to get the element
06 February 2024 22:27:19  58671 [main] [TRACE] Base.PredefinedActions [PredefinedActions.java:229] - User able to click on Elements
06 February 2024 22:27:19  58760 [main] [TRACE] Base.PredefinedActions [PredefinedActions.java:141] - User is trying to get the element
06 February 2024 22:27:19  58764 [main] [TRACE] Base.PredefinedActions [PredefinedActions.java:197] - User is trying to get Element text
06 February 2024 22:27:19  58764 [main] [INFO] TestScripts.VerifyTechPandaTest [VerifyTechPandaTest.java:50] - Expected Price in Mobile Detail Page $100.00
]]></system-out>
  </testcase>
  <testcase name="verifyReorderOfProduct" classname="TestScripts.VerifyTechPandaTest" time="13.11">
    <failure message="Expected condition failed: waiting for visibility of element located by By.cssSelector: .nobr&gt;a:nth-of-type(2) (tried for 10 second(s) with 500 milliseconds interval)&#10;Build info: version: &apos;4.17.0&apos;, revision: &apos;e52b1be057*&apos;&#10;System info: os.name: &apos;Mac OS X&apos;, os.arch: &apos;aarch64&apos;, os.version: &apos;14.3&apos;, java.version: &apos;21.0.1&apos;&#10;Driver info: org.openqa.selenium.chrome.ChromeDriver&#10;Capabilities {acceptInsecureCerts: false, browserName: chrome, browserVersion: 121.0.6167.139, chrome: {chromedriverVersion: 121.0.6167.85 (3f98d690ad7e..., userDataDir: /var/folders/9y/26jvmzyn5l1...}, fedcm:accounts: true, goog:chromeOptions: {debuggerAddress: localhost:50946}, networkConnectionEnabled: false, pageLoadStrategy: normal, platformName: mac, proxy: Proxy(), se:cdp: ws://localhost:50946/devtoo..., se:cdpVersion: 121.0.6167.139, setWindowRect: true, strictFileInteractability: false, timeouts: {implicit: 0, pageLoad: 300000, script: 30000}, unhandledPromptBehavior: dismiss and notify, webauthn:extension:credBlob: true, webauthn:extension:largeBlob: true, webauthn:extension:minPinLength: true, webauthn:extension:prf: true, webauthn:virtualAuthenticators: true}&#10;Session ID: adfb8415ba55d4bbc1367e750facf2c3" type="org.openqa.selenium.TimeoutException"><![CDATA[org.openqa.selenium.TimeoutException: 
Expected condition failed: waiting for visibility of element located by By.cssSelector: .nobr>a:nth-of-type(2) (tried for 10 second(s) with 500 milliseconds interval)
Build info: version: '4.17.0', revision: 'e52b1be057*'
System info: os.name: 'Mac OS X', os.arch: 'aarch64', os.version: '14.3', java.version: '21.0.1'
Driver info: org.openqa.selenium.chrome.ChromeDriver
Capabilities {acceptInsecureCerts: false, browserName: chrome, browserVersion: 121.0.6167.139, chrome: {chromedriverVersion: 121.0.6167.85 (3f98d690ad7e..., userDataDir: /var/folders/9y/26jvmzyn5l1...}, fedcm:accounts: true, goog:chromeOptions: {debuggerAddress: localhost:50946}, networkConnectionEnabled: false, pageLoadStrategy: normal, platformName: mac, proxy: Proxy(), se:cdp: ws://localhost:50946/devtoo..., se:cdpVersion: 121.0.6167.139, setWindowRect: true, strictFileInteractability: false, timeouts: {implicit: 0, pageLoad: 300000, script: 30000}, unhandledPromptBehavior: dismiss and notify, webauthn:extension:credBlob: true, webauthn:extension:largeBlob: true, webauthn:extension:minPinLength: true, webauthn:extension:prf: true, webauthn:virtualAuthenticators: true}
Session ID: adfb8415ba55d4bbc1367e750facf2c3
	at org.openqa.selenium.support.ui.WebDriverWait.timeoutException(WebDriverWait.java:84)
	at org.openqa.selenium.support.ui.FluentWait.until(FluentWait.java:228)
	at Base.PredefinedActions.getElement(PredefinedActions.java:138)
	at Base.PredefinedActions.clickOnElement(PredefinedActions.java:225)
	at Pages.AccountDashboardPage.clickOnReorder(AccountDashboardPage.java:84)
	at TestScripts.VerifyTechPandaTest.verifyReorderOfProduct(VerifyTechPandaTest.java:212)
	at java.base/jdk.internal.reflect.DirectMethodHandleAccessor.invoke(DirectMethodHandleAccessor.java:103)
	at java.base/java.lang.reflect.Method.invoke(Method.java:580)
	at org.testng.internal.invokers.MethodInvocationHelper.invokeMethod(MethodInvocationHelper.java:139)
	at org.testng.internal.invokers.TestInvoker.invokeMethod(TestInvoker.java:677)
	at org.testng.internal.invokers.TestInvoker.invokeTestMethod(TestInvoker.java:221)
	at org.testng.internal.invokers.MethodRunner.runInSequence(MethodRunner.java:50)
	at org.testng.internal.invokers.TestInvoker$MethodInvocationAgent.invoke(TestInvoker.java:969)
	at org.testng.internal.invokers.TestInvoker.invokeTestMethods(TestInvoker.java:194)
	at org.testng.internal.invokers.TestMethodWorker.invokeTestMethods(TestMethodWorker.java:148)
	at org.testng.internal.invokers.TestMethodWorker.run(TestMethodWorker.java:128)
	at java.base/java.util.ArrayList.forEach(ArrayList.java:1596)
	at org.testng.TestRunner.privateRun(TestRunner.java:829)
	at org.testng.TestRunner.run(TestRunner.java:602)
	at org.testng.SuiteRunner.runTest(SuiteRunner.java:437)
	at org.testng.SuiteRunner.runSequentially(SuiteRunner.java:431)
	at org.testng.SuiteRunner.privateRun(SuiteRunner.java:391)
	at org.testng.SuiteRunner.run(SuiteRunner.java:330)
	at org.testng.SuiteRunnerWorker.runSuite(SuiteRunnerWorker.java:52)
	at org.testng.SuiteRunnerWorker.run(SuiteRunnerWorker.java:95)
	at org.testng.TestNG.runSuitesSequentially(TestNG.java:1256)
	at org.testng.TestNG.runSuitesLocally(TestNG.java:1176)
	at org.testng.TestNG.runSuites(TestNG.java:1099)
	at org.testng.TestNG.run(TestNG.java:1067)
	at org.apache.maven.surefire.testng.TestNGExecutor.run(TestNGExecutor.java:155)
	at org.apache.maven.surefire.testng.TestNGDirectoryTestSuite.executeMulti(TestNGDirectoryTestSuite.java:169)
	at org.apache.maven.surefire.testng.TestNGDirectoryTestSuite.execute(TestNGDirectoryTestSuite.java:88)
	at org.apache.maven.surefire.testng.TestNGProvider.invoke(TestNGProvider.java:137)
	at org.apache.maven.surefire.booter.ForkedBooter.runSuitesInProcess(ForkedBooter.java:385)
	at org.apache.maven.surefire.booter.ForkedBooter.execute(ForkedBooter.java:162)
	at org.apache.maven.surefire.booter.ForkedBooter.run(ForkedBooter.java:507)
	at org.apache.maven.surefire.booter.ForkedBooter.main(ForkedBooter.java:495)
]]></failure>
    <system-out><![CDATA[06 February 2024 22:27:20  60401 [main] [TRACE] Base.PredefinedActions [PredefinedActions.java:61] - User able to open the browser
06 February 2024 22:27:26  66015 [main] [TRACE] Base.PredefinedActions [PredefinedActions.java:63] - User able to open the http://live.techpanda.org/index.php/
06 February 2024 22:27:26  66027 [main] [TRACE] Base.PredefinedActions [PredefinedActions.java:141] - User is trying to get the element
06 February 2024 22:27:27  66939 [main] [TRACE] Base.PredefinedActions [PredefinedActions.java:229] - User able to click on Elements
06 February 2024 22:27:27  66950 [main] [TRACE] Base.PredefinedActions [PredefinedActions.java:141] - User is trying to get the element
06 February 2024 22:27:27  67031 [main] [TRACE] Base.PredefinedActions [PredefinedActions.java:236] - User able to enter the text
06 February 2024 22:27:27  67042 [main] [TRACE] Base.PredefinedActions [PredefinedActions.java:141] - User is trying to get the element
06 February 2024 22:27:27  67080 [main] [TRACE] Base.PredefinedActions [PredefinedActions.java:236] - User able to enter the text
06 February 2024 22:27:27  67096 [main] [TRACE] Base.PredefinedActions [PredefinedActions.java:141] - User is trying to get the element
06 February 2024 22:27:28  68411 [main] [TRACE] Base.PredefinedActions [PredefinedActions.java:229] - User able to click on Elements
06 February 2024 22:27:28  68420 [main] [TRACE] Base.PredefinedActions [PredefinedActions.java:141] - User is trying to get the element
06 February 2024 22:27:29  68963 [main] [TRACE] Base.PredefinedActions [PredefinedActions.java:229] - User able to click on Elements
]]></system-out>
  </testcase>
  <testcase name="verifySearchFunctionality" classname="TestScripts.VerifyTechPandaTest" time="5.827">
    <system-out><![CDATA[06 February 2024 22:27:41  80717 [main] [TRACE] Base.PredefinedActions [PredefinedActions.java:61] - User able to open the browser
06 February 2024 22:27:45  84885 [main] [TRACE] Base.PredefinedActions [PredefinedActions.java:63] - User able to open the http://live.techpanda.org/index.php/
06 February 2024 22:27:45  84899 [main] [TRACE] Base.PredefinedActions [PredefinedActions.java:141] - User is trying to get the element
06 February 2024 22:27:47  86979 [main] [TRACE] Base.PredefinedActions [PredefinedActions.java:229] - User able to click on Elements
06 February 2024 22:27:47  86990 [main] [TRACE] Base.PredefinedActions [PredefinedActions.java:141] - User is trying to get the element
06 February 2024 22:27:47  87011 [main] [TRACE] Base.PredefinedActions [PredefinedActions.java:263] - User is able to clear the given element
06 February 2024 22:27:47  87025 [main] [TRACE] Base.PredefinedActions [PredefinedActions.java:141] - User is trying to get the element
06 February 2024 22:27:47  87103 [main] [TRACE] Base.PredefinedActions [PredefinedActions.java:236] - User able to enter the text
06 February 2024 22:27:47  87114 [main] [TRACE] Base.PredefinedActions [PredefinedActions.java:141] - User is trying to get the element
06 February 2024 22:27:47  87125 [main] [TRACE] Base.PredefinedActions [PredefinedActions.java:263] - User is able to clear the given element
06 February 2024 22:27:47  87128 [main] [TRACE] Base.PredefinedActions [PredefinedActions.java:141] - User is trying to get the element
06 February 2024 22:27:47  87156 [main] [TRACE] Base.PredefinedActions [PredefinedActions.java:236] - User able to enter the text
06 February 2024 22:27:47  87162 [main] [TRACE] Base.PredefinedActions [PredefinedActions.java:141] - User is trying to get the element
06 February 2024 22:27:49  88768 [main] [TRACE] Base.PredefinedActions [PredefinedActions.java:229] - User able to click on Elements
06 February 2024 22:27:49  88769 [main] [TRACE] Base.PredefinedActions [PredefinedActions.java:99] - User is trying to get the list of WebElement
06 February 2024 22:27:49  88784 [main] [TRACE] Base.PredefinedActions [PredefinedActions.java:109] - User is trying to get the list of String
06 February 2024 22:27:49  88785 [main] [TRACE] Base.PredefinedActions [PredefinedActions.java:99] - User is trying to get the list of WebElement
06 February 2024 22:27:49  88799 [main] [TRACE] Base.PredefinedActions [PredefinedActions.java:109] - User is trying to get the list of String
06 February 2024 22:27:49  88799 [main] [INFO] TestScripts.VerifyTechPandaTest [VerifyTechPandaTest.java:263] - {SONY XPERIA=$100.00, SAMSUNG GALAXY=$130.00}
06 February 2024 22:27:49  88808 [main] [TRACE] Base.PredefinedActions [PredefinedActions.java:141] - User is trying to get the element
06 February 2024 22:27:49  89432 [main] [TRACE] Base.PredefinedActions [PredefinedActions.java:229] - User able to click on Elements
06 February 2024 22:27:49  89450 [main] [TRACE] Base.PredefinedActions [PredefinedActions.java:141] - User is trying to get the element
06 February 2024 22:27:49  89461 [main] [TRACE] Base.PredefinedActions [PredefinedActions.java:263] - User is able to clear the given element
06 February 2024 22:27:49  89468 [main] [TRACE] Base.PredefinedActions [PredefinedActions.java:141] - User is trying to get the element
06 February 2024 22:27:49  89488 [main] [TRACE] Base.PredefinedActions [PredefinedActions.java:236] - User able to enter the text
06 February 2024 22:27:49  89497 [main] [TRACE] Base.PredefinedActions [PredefinedActions.java:141] - User is trying to get the element
06 February 2024 22:27:49  89507 [main] [TRACE] Base.PredefinedActions [PredefinedActions.java:263] - User is able to clear the given element
06 February 2024 22:27:49  89512 [main] [TRACE] Base.PredefinedActions [PredefinedActions.java:141] - User is trying to get the element
06 February 2024 22:27:49  89574 [main] [TRACE] Base.PredefinedActions [PredefinedActions.java:236] - User able to enter the text
06 February 2024 22:27:50  89672 [main] [TRACE] Base.PredefinedActions [PredefinedActions.java:141] - User is trying to get the element
06 February 2024 22:27:51  90683 [main] [TRACE] Base.PredefinedActions [PredefinedActions.java:229] - User able to click on Elements
06 February 2024 22:27:51  90684 [main] [TRACE] Base.PredefinedActions [PredefinedActions.java:99] - User is trying to get the list of WebElement
06 February 2024 22:27:51  90697 [main] [TRACE] Base.PredefinedActions [PredefinedActions.java:109] - User is trying to get the list of String
06 February 2024 22:27:51  90697 [main] [TRACE] Base.PredefinedActions [PredefinedActions.java:99] - User is trying to get the list of WebElement
06 February 2024 22:27:51  90713 [main] [TRACE] Base.PredefinedActions [PredefinedActions.java:109] - User is trying to get the list of String
06 February 2024 22:27:51  90713 [main] [INFO] TestScripts.VerifyTechPandaTest [VerifyTechPandaTest.java:268] - {IPHONE=$500.00, LG LCD=$615.00, SAMSUNG LCD=$700.00}
]]></system-out>
  </testcase>
  <testcase name="verifySortTest" classname="TestScripts.VerifyTechPandaTest" time="2.958">
    <system-out><![CDATA[06 February 2024 22:27:52  92196 [main] [TRACE] Base.PredefinedActions [PredefinedActions.java:61] - User able to open the browser
06 February 2024 22:27:56  96363 [main] [TRACE] Base.PredefinedActions [PredefinedActions.java:63] - User able to open the http://live.techpanda.org/index.php/
06 February 2024 22:27:56  96364 [main] [TRACE] Base.PredefinedActions [PredefinedActions.java:207] - User is trying to get page title
06 February 2024 22:27:56  96379 [main] [TRACE] Base.PredefinedActions [PredefinedActions.java:141] - User is trying to get the element
06 February 2024 22:27:56  96385 [main] [TRACE] Base.PredefinedActions [PredefinedActions.java:197] - User is trying to get Element text
06 February 2024 22:27:56  96396 [main] [TRACE] Base.PredefinedActions [PredefinedActions.java:141] - User is trying to get the element
06 February 2024 22:27:59  98613 [main] [TRACE] Base.PredefinedActions [PredefinedActions.java:229] - User able to click on Elements
06 February 2024 22:27:59  98626 [main] [TRACE] Base.PredefinedActions [PredefinedActions.java:141] - User is trying to get the element
06 February 2024 22:27:59  98630 [main] [TRACE] Base.PredefinedActions [PredefinedActions.java:197] - User is trying to get Element text
06 February 2024 22:27:59  98630 [main] [TRACE] Base.PredefinedActions [PredefinedActions.java:207] - User is trying to get page title
06 February 2024 22:27:59  98642 [main] [TRACE] Base.PredefinedActions [PredefinedActions.java:141] - User is trying to get the element
06 February 2024 22:27:59  98712 [main] [TRACE] Base.PredefinedActions [PredefinedActions.java:229] - User able to click on Elements
06 February 2024 22:27:59  98720 [main] [TRACE] Base.PredefinedActions [PredefinedActions.java:141] - User is trying to get the element
06 February 2024 22:27:59  99305 [main] [TRACE] Base.PredefinedActions [PredefinedActions.java:74] - User is able to select the element
06 February 2024 22:27:59  99305 [main] [TRACE] Base.PredefinedActions [PredefinedActions.java:99] - User is trying to get the list of WebElement
06 February 2024 22:27:59  99322 [main] [TRACE] Base.PredefinedActions [PredefinedActions.java:109] - User is trying to get the list of String
]]></system-out>
  </testcase>
  <testcase name="verifyTwoProducts" classname="TestScripts.VerifyTechPandaTest" time="6.341">
    <system-out><![CDATA[06 February 2024 22:28:01  100933 [main] [TRACE] Base.PredefinedActions [PredefinedActions.java:61] - User able to open the browser
06 February 2024 22:28:05  105085 [main] [TRACE] Base.PredefinedActions [PredefinedActions.java:63] - User able to open the http://live.techpanda.org/index.php/
06 February 2024 22:28:05  105102 [main] [TRACE] Base.PredefinedActions [PredefinedActions.java:141] - User is trying to get the element
06 February 2024 22:28:08  107612 [main] [TRACE] Base.PredefinedActions [PredefinedActions.java:229] - User able to click on Elements
06 February 2024 22:28:08  107625 [main] [TRACE] Base.PredefinedActions [PredefinedActions.java:141] - User is trying to get the element
06 February 2024 22:28:09  108674 [main] [TRACE] Base.PredefinedActions [PredefinedActions.java:229] - User able to click on Elements
06 February 2024 22:28:09  108684 [main] [TRACE] Base.PredefinedActions [PredefinedActions.java:141] - User is trying to get the element
06 February 2024 22:28:09  109544 [main] [TRACE] Base.PredefinedActions [PredefinedActions.java:229] - User able to click on Elements
06 February 2024 22:28:09  109553 [main] [TRACE] Base.PredefinedActions [PredefinedActions.java:141] - User is trying to get the element
06 February 2024 22:28:10  109766 [main] [TRACE] Base.PredefinedActions [PredefinedActions.java:229] - User able to click on Elements
06 February 2024 22:28:11  111337 [main] [TRACE] Base.PredefinedActions [PredefinedActions.java:141] - User is trying to get the element
06 February 2024 22:28:11  111343 [main] [TRACE] Base.PredefinedActions [PredefinedActions.java:197] - User is trying to get Element text
06 February 2024 22:28:11  111343 [main] [INFO] TestScripts.VerifyTechPandaTest [VerifyTechPandaTest.java:86] - COMPARE PRODUCTS
06 February 2024 22:28:11  111351 [main] [TRACE] Base.PredefinedActions [PredefinedActions.java:141] - User is trying to get the element
06 February 2024 22:28:11  111355 [main] [TRACE] Base.PredefinedActions [PredefinedActions.java:197] - User is trying to get Element text
06 February 2024 22:28:11  111355 [main] [INFO] TestScripts.VerifyTechPandaTest [VerifyTechPandaTest.java:89] - SONY XPERIA
06 February 2024 22:28:11  111363 [main] [TRACE] Base.PredefinedActions [PredefinedActions.java:141] - User is trying to get the element
06 February 2024 22:28:11  111367 [main] [TRACE] Base.PredefinedActions [PredefinedActions.java:197] - User is trying to get Element text
06 February 2024 22:28:11  111367 [main] [INFO] TestScripts.VerifyTechPandaTest [VerifyTechPandaTest.java:92] - IPHONE
06 February 2024 22:28:11  111424 [main] [TRACE] Base.PredefinedActions [PredefinedActions.java:292] - User Closed the browser
]]></system-out>
  </testcase>
  <testcase name="verifyRegistration" classname="TestScripts.VerifyTechPandaTest" time="13.901">
    <failure message="Expected condition failed: waiting for visibility of element located by By.cssSelector: li[class=&apos;success-msg&apos;]&gt;ul&gt;li&gt;span (tried for 10 second(s) with 500 milliseconds interval)&#10;Build info: version: &apos;4.17.0&apos;, revision: &apos;e52b1be057*&apos;&#10;System info: os.name: &apos;Mac OS X&apos;, os.arch: &apos;aarch64&apos;, os.version: &apos;14.3&apos;, java.version: &apos;21.0.1&apos;&#10;Driver info: org.openqa.selenium.chrome.ChromeDriver&#10;Capabilities {acceptInsecureCerts: false, browserName: chrome, browserVersion: 121.0.6167.139, chrome: {chromedriverVersion: 121.0.6167.85 (3f98d690ad7e..., userDataDir: /var/folders/9y/26jvmzyn5l1...}, fedcm:accounts: true, goog:chromeOptions: {debuggerAddress: localhost:51364}, networkConnectionEnabled: false, pageLoadStrategy: normal, platformName: mac, proxy: Proxy(), se:cdp: ws://localhost:51364/devtoo..., se:cdpVersion: 121.0.6167.139, setWindowRect: true, strictFileInteractability: false, timeouts: {implicit: 0, pageLoad: 300000, script: 30000}, unhandledPromptBehavior: dismiss and notify, webauthn:extension:credBlob: true, webauthn:extension:largeBlob: true, webauthn:extension:minPinLength: true, webauthn:extension:prf: true, webauthn:virtualAuthenticators: true}&#10;Session ID: 73a9cfbf20583f9037175239ed0ba49e" type="org.openqa.selenium.TimeoutException"><![CDATA[org.openqa.selenium.TimeoutException: 
Expected condition failed: waiting for visibility of element located by By.cssSelector: li[class='success-msg']>ul>li>span (tried for 10 second(s) with 500 milliseconds interval)
Build info: version: '4.17.0', revision: 'e52b1be057*'
System info: os.name: 'Mac OS X', os.arch: 'aarch64', os.version: '14.3', java.version: '21.0.1'
Driver info: org.openqa.selenium.chrome.ChromeDriver
Capabilities {acceptInsecureCerts: false, browserName: chrome, browserVersion: 121.0.6167.139, chrome: {chromedriverVersion: 121.0.6167.85 (3f98d690ad7e..., userDataDir: /var/folders/9y/26jvmzyn5l1...}, fedcm:accounts: true, goog:chromeOptions: {debuggerAddress: localhost:51364}, networkConnectionEnabled: false, pageLoadStrategy: normal, platformName: mac, proxy: Proxy(), se:cdp: ws://localhost:51364/devtoo..., se:cdpVersion: 121.0.6167.139, setWindowRect: true, strictFileInteractability: false, timeouts: {implicit: 0, pageLoad: 300000, script: 30000}, unhandledPromptBehavior: dismiss and notify, webauthn:extension:credBlob: true, webauthn:extension:largeBlob: true, webauthn:extension:minPinLength: true, webauthn:extension:prf: true, webauthn:virtualAuthenticators: true}
Session ID: 73a9cfbf20583f9037175239ed0ba49e
	at org.openqa.selenium.support.ui.WebDriverWait.timeoutException(WebDriverWait.java:84)
	at org.openqa.selenium.support.ui.FluentWait.until(FluentWait.java:228)
	at Base.PredefinedActions.getElement(PredefinedActions.java:138)
	at Pages.AccountDashboardPage.getSuccessMsg(AccountDashboardPage.java:29)
	at TestScripts.VerifyTechPandaTest.verifyRegistration(VerifyTechPandaTest.java:114)
	at java.base/jdk.internal.reflect.DirectMethodHandleAccessor.invoke(DirectMethodHandleAccessor.java:103)
	at java.base/java.lang.reflect.Method.invoke(Method.java:580)
	at org.testng.internal.invokers.MethodInvocationHelper.invokeMethod(MethodInvocationHelper.java:139)
	at org.testng.internal.invokers.TestInvoker.invokeMethod(TestInvoker.java:677)
	at org.testng.internal.invokers.TestInvoker.invokeTestMethod(TestInvoker.java:221)
	at org.testng.internal.invokers.MethodRunner.runInSequence(MethodRunner.java:50)
	at org.testng.internal.invokers.TestInvoker$MethodInvocationAgent.invoke(TestInvoker.java:969)
	at org.testng.internal.invokers.TestInvoker.invokeTestMethods(TestInvoker.java:194)
	at org.testng.internal.invokers.TestMethodWorker.invokeTestMethods(TestMethodWorker.java:148)
	at org.testng.internal.invokers.TestMethodWorker.run(TestMethodWorker.java:128)
	at java.base/java.util.ArrayList.forEach(ArrayList.java:1596)
	at org.testng.TestRunner.privateRun(TestRunner.java:829)
	at org.testng.TestRunner.run(TestRunner.java:602)
	at org.testng.SuiteRunner.runTest(SuiteRunner.java:437)
	at org.testng.SuiteRunner.runSequentially(SuiteRunner.java:431)
	at org.testng.SuiteRunner.privateRun(SuiteRunner.java:391)
	at org.testng.SuiteRunner.run(SuiteRunner.java:330)
	at org.testng.SuiteRunnerWorker.runSuite(SuiteRunnerWorker.java:52)
	at org.testng.SuiteRunnerWorker.run(SuiteRunnerWorker.java:95)
	at org.testng.TestNG.runSuitesSequentially(TestNG.java:1256)
	at org.testng.TestNG.runSuitesLocally(TestNG.java:1176)
	at org.testng.TestNG.runSuites(TestNG.java:1099)
	at org.testng.TestNG.run(TestNG.java:1067)
	at org.apache.maven.surefire.testng.TestNGExecutor.run(TestNGExecutor.java:155)
	at org.apache.maven.surefire.testng.TestNGDirectoryTestSuite.executeMulti(TestNGDirectoryTestSuite.java:169)
	at org.apache.maven.surefire.testng.TestNGDirectoryTestSuite.execute(TestNGDirectoryTestSuite.java:88)
	at org.apache.maven.surefire.testng.TestNGProvider.invoke(TestNGProvider.java:137)
	at org.apache.maven.surefire.booter.ForkedBooter.runSuitesInProcess(ForkedBooter.java:385)
	at org.apache.maven.surefire.booter.ForkedBooter.execute(ForkedBooter.java:162)
	at org.apache.maven.surefire.booter.ForkedBooter.run(ForkedBooter.java:507)
	at org.apache.maven.surefire.booter.ForkedBooter.main(ForkedBooter.java:495)
]]></failure>
    <system-out><![CDATA[06 February 2024 22:28:13  112915 [main] [TRACE] Base.PredefinedActions [PredefinedActions.java:61] - User able to open the browser
06 February 2024 22:28:17  117089 [main] [TRACE] Base.PredefinedActions [PredefinedActions.java:63] - User able to open the http://live.techpanda.org/index.php/
06 February 2024 22:28:17  117106 [main] [TRACE] Base.PredefinedActions [PredefinedActions.java:141] - User is trying to get the element
06 February 2024 22:28:19  118949 [main] [TRACE] Base.PredefinedActions [PredefinedActions.java:229] - User able to click on Elements
06 February 2024 22:28:19  118971 [main] [TRACE] Base.PredefinedActions [PredefinedActions.java:141] - User is trying to get the element
06 February 2024 22:28:20  119638 [main] [TRACE] Base.PredefinedActions [PredefinedActions.java:229] - User able to click on Elements
06 February 2024 22:28:20  119652 [main] [TRACE] Base.PredefinedActions [PredefinedActions.java:141] - User is trying to get the element
06 February 2024 22:28:20  119727 [main] [TRACE] Base.PredefinedActions [PredefinedActions.java:236] - User able to enter the text
06 February 2024 22:28:20  119736 [main] [TRACE] Base.PredefinedActions [PredefinedActions.java:141] - User is trying to get the element
06 February 2024 22:28:20  119756 [main] [TRACE] Base.PredefinedActions [PredefinedActions.java:236] - User able to enter the text
06 February 2024 22:28:20  119768 [main] [TRACE] Base.PredefinedActions [PredefinedActions.java:141] - User is trying to get the element
06 February 2024 22:28:20  119792 [main] [TRACE] Base.PredefinedActions [PredefinedActions.java:236] - User able to enter the text
06 February 2024 22:28:20  119802 [main] [TRACE] Base.PredefinedActions [PredefinedActions.java:141] - User is trying to get the element
06 February 2024 22:28:20  119851 [main] [TRACE] Base.PredefinedActions [PredefinedActions.java:236] - User able to enter the text
06 February 2024 22:28:20  119885 [main] [TRACE] Base.PredefinedActions [PredefinedActions.java:141] - User is trying to get the element
06 February 2024 22:28:20  119912 [main] [TRACE] Base.PredefinedActions [PredefinedActions.java:236] - User able to enter the text
06 February 2024 22:28:20  119922 [main] [TRACE] Base.PredefinedActions [PredefinedActions.java:141] - User is trying to get the element
06 February 2024 22:28:21  120812 [main] [TRACE] Base.PredefinedActions [PredefinedActions.java:229] - User able to click on Elements
]]></system-out>
  </testcase>
  <testcase name="verifyUserIsAbleToPurchase" classname="TestScripts.VerifyTechPandaTest" time="13.089">
    <system-out><![CDATA[06 February 2024 22:28:33  132598 [main] [TRACE] Base.PredefinedActions [PredefinedActions.java:61] - User able to open the browser
06 February 2024 22:28:37  136813 [main] [TRACE] Base.PredefinedActions [PredefinedActions.java:63] - User able to open the http://live.techpanda.org/index.php/
06 February 2024 22:28:37  136829 [main] [TRACE] Base.PredefinedActions [PredefinedActions.java:141] - User is trying to get the element
06 February 2024 22:28:39  138611 [main] [TRACE] Base.PredefinedActions [PredefinedActions.java:229] - User able to click on Elements
06 February 2024 22:28:39  138621 [main] [TRACE] Base.PredefinedActions [PredefinedActions.java:141] - User is trying to get the element
06 February 2024 22:28:39  138714 [main] [TRACE] Base.PredefinedActions [PredefinedActions.java:236] - User able to enter the text
06 February 2024 22:28:39  138725 [main] [TRACE] Base.PredefinedActions [PredefinedActions.java:141] - User is trying to get the element
06 February 2024 22:28:39  138748 [main] [TRACE] Base.PredefinedActions [PredefinedActions.java:236] - User able to enter the text
06 February 2024 22:28:39  138763 [main] [TRACE] Base.PredefinedActions [PredefinedActions.java:141] - User is trying to get the element
06 February 2024 22:28:40  140026 [main] [TRACE] Base.PredefinedActions [PredefinedActions.java:229] - User able to click on Elements
06 February 2024 22:28:40  140037 [main] [TRACE] Base.PredefinedActions [PredefinedActions.java:141] - User is trying to get the element
06 February 2024 22:28:41  140723 [main] [TRACE] Base.PredefinedActions [PredefinedActions.java:229] - User able to click on Elements
06 February 2024 22:28:41  140733 [main] [TRACE] Base.PredefinedActions [PredefinedActions.java:141] - User is trying to get the element
06 February 2024 22:28:42  142225 [main] [TRACE] Base.PredefinedActions [PredefinedActions.java:229] - User able to click on Elements
06 February 2024 22:28:42  142234 [main] [TRACE] Base.PredefinedActions [PredefinedActions.java:141] - User is trying to get the element
06 February 2024 22:28:42  142252 [main] [TRACE] Base.PredefinedActions [PredefinedActions.java:80] - User is able to select the element
06 February 2024 22:28:42  142263 [main] [TRACE] Base.PredefinedActions [PredefinedActions.java:141] - User is trying to get the element
06 February 2024 22:28:42  142288 [main] [TRACE] Base.PredefinedActions [PredefinedActions.java:80] - User is able to select the element
06 February 2024 22:28:42  142299 [main] [TRACE] Base.PredefinedActions [PredefinedActions.java:141] - User is trying to get the element
06 February 2024 22:28:42  142321 [main] [TRACE] Base.PredefinedActions [PredefinedActions.java:236] - User able to enter the text
06 February 2024 22:28:42  142337 [main] [TRACE] Base.PredefinedActions [PredefinedActions.java:141] - User is trying to get the element
06 February 2024 22:28:44  143598 [main] [TRACE] Base.PredefinedActions [PredefinedActions.java:229] - User able to click on Elements
06 February 2024 22:28:44  143608 [main] [TRACE] Base.PredefinedActions [PredefinedActions.java:141] - User is trying to get the element
06 February 2024 22:28:44  143629 [main] [TRACE] Base.PredefinedActions [PredefinedActions.java:229] - User able to click on Elements
06 February 2024 22:28:44  143638 [main] [TRACE] Base.PredefinedActions [PredefinedActions.java:141] - User is trying to get the element
06 February 2024 22:28:45  144627 [main] [TRACE] Base.PredefinedActions [PredefinedActions.java:229] - User able to click on Elements
06 February 2024 22:28:45  144637 [main] [TRACE] Base.PredefinedActions [PredefinedActions.java:141] - User is trying to get the element
06 February 2024 22:28:45  144644 [main] [TRACE] Base.PredefinedActions [PredefinedActions.java:197] - User is trying to get Element text
06 February 2024 22:28:45  144653 [main] [TRACE] Base.PredefinedActions [PredefinedActions.java:141] - User is trying to get the element
06 February 2024 22:28:45  144656 [main] [TRACE] Base.PredefinedActions [PredefinedActions.java:197] - User is trying to get Element text
06 February 2024 22:28:45  144666 [main] [TRACE] Base.PredefinedActions [PredefinedActions.java:141] - User is trying to get the element
06 February 2024 22:28:45  144669 [main] [TRACE] Base.PredefinedActions [PredefinedActions.java:197] - User is trying to get Element text
06 February 2024 22:28:45  144678 [main] [TRACE] Base.PredefinedActions [PredefinedActions.java:141] - User is trying to get the element
06 February 2024 22:28:46  146380 [main] [TRACE] Base.PredefinedActions [PredefinedActions.java:229] - User able to click on Elements
06 February 2024 22:28:46  146395 [main] [TRACE] Base.PredefinedActions [PredefinedActions.java:141] - User is trying to get the element
06 February 2024 22:28:46  146417 [main] [TRACE] Base.PredefinedActions [PredefinedActions.java:236] - User able to enter the text
06 February 2024 22:28:46  146427 [main] [TRACE] Base.PredefinedActions [PredefinedActions.java:141] - User is trying to get the element
06 February 2024 22:28:46  146447 [main] [TRACE] Base.PredefinedActions [PredefinedActions.java:236] - User able to enter the text
06 February 2024 22:28:46  146456 [main] [TRACE] Base.PredefinedActions [PredefinedActions.java:141] - User is trying to get the element
06 February 2024 22:28:46  146481 [main] [TRACE] Base.PredefinedActions [PredefinedActions.java:80] - User is able to select the element
06 February 2024 22:28:46  146490 [main] [TRACE] Base.PredefinedActions [PredefinedActions.java:141] - User is trying to get the element
06 February 2024 22:28:46  146512 [main] [TRACE] Base.PredefinedActions [PredefinedActions.java:236] - User able to enter the text
06 February 2024 22:28:46  146522 [main] [TRACE] Base.PredefinedActions [PredefinedActions.java:141] - User is trying to get the element
06 February 2024 22:28:46  146537 [main] [TRACE] Base.PredefinedActions [PredefinedActions.java:80] - User is able to select the element
06 February 2024 22:28:47  146638 [main] [TRACE] Base.PredefinedActions [PredefinedActions.java:141] - User is trying to get the element
06 February 2024 22:28:47  146672 [main] [TRACE] Base.PredefinedActions [PredefinedActions.java:236] - User able to enter the text
06 February 2024 22:28:47  146681 [main] [TRACE] Base.PredefinedActions [PredefinedActions.java:141] - User is trying to get the element
06 February 2024 22:28:47  146704 [main] [TRACE] Base.PredefinedActions [PredefinedActions.java:229] - User able to click on Elements
06 February 2024 22:28:48  147738 [main] [TRACE] Base.PredefinedActions [PredefinedActions.java:141] - User is trying to get the element
06 February 2024 22:28:48  147759 [main] [TRACE] Base.PredefinedActions [PredefinedActions.java:229] - User able to click on Elements
06 February 2024 22:28:48  148276 [main] [TRACE] Base.PredefinedActions [PredefinedActions.java:141] - User is trying to get the element
06 February 2024 22:28:48  148301 [main] [TRACE] Base.PredefinedActions [PredefinedActions.java:229] - User able to click on Elements
06 February 2024 22:28:48  148312 [main] [TRACE] Base.PredefinedActions [PredefinedActions.java:141] - User is trying to get the element
06 February 2024 22:28:48  148332 [main] [TRACE] Base.PredefinedActions [PredefinedActions.java:229] - User able to click on Elements
06 February 2024 22:28:49  148849 [main] [TRACE] Base.PredefinedActions [PredefinedActions.java:141] - User is trying to get the element
06 February 2024 22:28:49  148873 [main] [TRACE] Base.PredefinedActions [PredefinedActions.java:229] - User able to click on Elements
06 February 2024 22:28:50  149889 [main] [TRACE] Base.PredefinedActions [PredefinedActions.java:141] - User is trying to get the element
06 February 2024 22:28:50  149894 [main] [TRACE] Base.PredefinedActions [PredefinedActions.java:197] - User is trying to get Element text
06 February 2024 22:28:50  149903 [main] [TRACE] Base.PredefinedActions [PredefinedActions.java:141] - User is trying to get the element
06 February 2024 22:28:50  149906 [main] [TRACE] Base.PredefinedActions [PredefinedActions.java:197] - User is trying to get Element text
06 February 2024 22:28:50  149906 [main] [INFO] TestScripts.VerifyTechPandaTest [VerifyTechPandaTest.java:169] - 100022253
06 February 2024 22:28:50  149906 [main] [INFO] TestScripts.VerifyTechPandaTest [VerifyTechPandaTest.java:172] - Time Elapsed 13
]]></system-out>
  </testcase>
  <testcase name="doReview" classname="TestScriptsBackend.VerifyProductReviewTest" time="15.17">
    <system-out><![CDATA[06 February 2024 22:28:51  151464 [main] [TRACE] Base.PredefinedActions [PredefinedActions.java:61] - User able to open the browser
06 February 2024 22:28:57  157120 [main] [TRACE] Base.PredefinedActions [PredefinedActions.java:63] - User able to open the http://live.techpanda.org/
06 February 2024 22:28:57  157134 [main] [TRACE] Base.PredefinedActions [PredefinedActions.java:141] - User is trying to get the element
06 February 2024 22:28:59  159030 [main] [TRACE] Base.PredefinedActions [PredefinedActions.java:229] - User able to click on Elements
06 February 2024 22:28:59  159039 [main] [TRACE] Base.PredefinedActions [PredefinedActions.java:141] - User is trying to get the element
06 February 2024 22:29:03  162953 [main] [TRACE] Base.PredefinedActions [PredefinedActions.java:229] - User able to click on Elements
06 February 2024 22:29:03  162964 [main] [TRACE] Base.PredefinedActions [PredefinedActions.java:141] - User is trying to get the element
06 February 2024 22:29:04  163613 [main] [TRACE] Base.PredefinedActions [PredefinedActions.java:229] - User able to click on Elements
06 February 2024 22:29:04  163623 [main] [TRACE] Base.PredefinedActions [PredefinedActions.java:141] - User is trying to get the element
06 February 2024 22:29:04  163647 [main] [TRACE] Base.PredefinedActions [PredefinedActions.java:229] - User able to click on Elements
06 February 2024 22:29:04  163656 [main] [TRACE] Base.PredefinedActions [PredefinedActions.java:141] - User is trying to get the element
06 February 2024 22:29:04  163736 [main] [TRACE] Base.PredefinedActions [PredefinedActions.java:236] - User able to enter the text
06 February 2024 22:29:04  163798 [main] [TRACE] Base.PredefinedActions [PredefinedActions.java:141] - User is trying to get the element
06 February 2024 22:29:04  163909 [main] [TRACE] Base.PredefinedActions [PredefinedActions.java:236] - User able to enter the text
06 February 2024 22:29:04  163926 [main] [TRACE] Base.PredefinedActions [PredefinedActions.java:141] - User is trying to get the element
06 February 2024 22:29:04  163948 [main] [TRACE] Base.PredefinedActions [PredefinedActions.java:236] - User able to enter the text
06 February 2024 22:29:04  163959 [main] [TRACE] Base.PredefinedActions [PredefinedActions.java:141] - User is trying to get the element
06 February 2024 22:29:05  165060 [main] [TRACE] Base.PredefinedActions [PredefinedActions.java:229] - User able to click on Elements
06 February 2024 22:29:05  165070 [main] [TRACE] Base.PredefinedActions [PredefinedActions.java:141] - User is trying to get the element
06 February 2024 22:29:05  165077 [main] [TRACE] Base.PredefinedActions [PredefinedActions.java:197] - User is trying to get Element text
]]></system-out>
  </testcase>
  <testcase name="reviewOnWebsite" classname="TestScriptsBackend.VerifyProductReviewTest" time="23.491">
    <system-out><![CDATA[06 February 2024 22:29:07  166649 [main] [TRACE] Base.PredefinedActions [PredefinedActions.java:61] - User able to open the browser
06 February 2024 22:29:09  169282 [main] [TRACE] Base.PredefinedActions [PredefinedActions.java:63] - User able to open the http://live.techpanda.org/index.php/backendlogin
06 February 2024 22:29:09  169296 [main] [TRACE] Base.PredefinedActions [PredefinedActions.java:141] - User is trying to get the element
06 February 2024 22:29:09  169375 [main] [TRACE] Base.PredefinedActions [PredefinedActions.java:236] - User able to enter the text
06 February 2024 22:29:09  169395 [main] [TRACE] Base.PredefinedActions [PredefinedActions.java:141] - User is trying to get the element
06 February 2024 22:29:09  169431 [main] [TRACE] Base.PredefinedActions [PredefinedActions.java:236] - User able to enter the text
06 February 2024 22:29:09  169442 [main] [TRACE] Base.PredefinedActions [PredefinedActions.java:141] - User is trying to get the element
06 February 2024 22:29:16  175885 [main] [TRACE] Base.PredefinedActions [PredefinedActions.java:229] - User able to click on Elements
06 February 2024 22:29:16  175897 [main] [TRACE] Base.PredefinedActions [PredefinedActions.java:141] - User is trying to get the element
06 February 2024 22:29:16  175942 [main] [TRACE] Base.PredefinedActions [PredefinedActions.java:229] - User able to click on Elements
06 February 2024 22:29:16  175952 [main] [TRACE] Base.PredefinedActions [PredefinedActions.java:141] - User is trying to get the element
06 February 2024 22:29:16  175971 [main] [TRACE] Base.PredefinedActions [PredefinedActions.java:229] - User able to click on Elements
06 February 2024 22:29:16  175980 [main] [TRACE] Base.PredefinedActions [PredefinedActions.java:141] - User is trying to get the element
06 February 2024 22:29:16  175999 [main] [TRACE] Base.PredefinedActions [PredefinedActions.java:229] - User able to click on Elements
06 February 2024 22:29:16  176007 [main] [TRACE] Base.PredefinedActions [PredefinedActions.java:141] - User is trying to get the element
06 February 2024 22:29:16  176027 [main] [TRACE] Base.PredefinedActions [PredefinedActions.java:229] - User able to click on Elements
06 February 2024 22:29:16  176035 [main] [TRACE] Base.PredefinedActions [PredefinedActions.java:141] - User is trying to get the element
06 February 2024 22:29:17  177476 [main] [TRACE] Base.PredefinedActions [PredefinedActions.java:229] - User able to click on Elements
06 February 2024 22:29:17  177488 [main] [TRACE] Base.PredefinedActions [PredefinedActions.java:141] - User is trying to get the element
06 February 2024 22:29:19  178804 [main] [TRACE] Base.PredefinedActions [PredefinedActions.java:229] - User able to click on Elements
06 February 2024 22:29:19  178814 [main] [TRACE] Base.PredefinedActions [PredefinedActions.java:141] - User is trying to get the element
No Review found
06 February 2024 22:29:19  178825 [main] [TRACE] Base.PredefinedActions [PredefinedActions.java:141] - User is trying to get the element
06 February 2024 22:29:20  180433 [main] [TRACE] Base.PredefinedActions [PredefinedActions.java:141] - User is trying to get the element
06 February 2024 22:29:20  180460 [main] [TRACE] Base.PredefinedActions [PredefinedActions.java:80] - User is able to select the element
06 February 2024 22:29:20  180468 [main] [TRACE] Base.PredefinedActions [PredefinedActions.java:141] - User is trying to get the element
06 February 2024 22:29:22  182298 [main] [TRACE] Base.PredefinedActions [PredefinedActions.java:229] - User able to click on Elements
06 February 2024 22:29:25  184801 [main] [TRACE] Base.PredefinedActions [PredefinedActions.java:141] - User is trying to get the element
06 February 2024 22:29:26  185882 [main] [TRACE] Base.PredefinedActions [PredefinedActions.java:229] - User able to click on Elements
06 February 2024 22:29:26  185892 [main] [TRACE] Base.PredefinedActions [PredefinedActions.java:141] - User is trying to get the element
06 February 2024 22:29:28  188163 [main] [TRACE] Base.PredefinedActions [PredefinedActions.java:229] - User able to click on Elements
06 February 2024 22:29:28  188243 [main] [TRACE] Base.PredefinedActions [PredefinedActions.java:141] - User is trying to get the element
06 February 2024 22:29:28  188436 [main] [TRACE] Base.PredefinedActions [PredefinedActions.java:229] - User able to click on Elements
06 February 2024 22:29:28  188563 [main] [TRACE] Base.PredefinedActions [PredefinedActions.java:141] - User is trying to get the element
06 February 2024 22:29:28  188569 [main] [TRACE] Base.PredefinedActions [PredefinedActions.java:197] - User is trying to get Element text
false
]]></system-out>
  </testcase>
  <testcase name="verifyInvoiceSort" classname="TestScriptsBackend.VerifyInvoiceDateSortTest" time="8.627">
    <system-out><![CDATA[06 February 2024 22:29:30  190167 [main] [TRACE] Base.PredefinedActions [PredefinedActions.java:61] - User able to open the browser
06 February 2024 22:29:33  192946 [main] [TRACE] Base.PredefinedActions [PredefinedActions.java:63] - User able to open the http://live.techpanda.org/index.php/backendlogin/
06 February 2024 22:29:33  192963 [main] [TRACE] Base.PredefinedActions [PredefinedActions.java:141] - User is trying to get the element
06 February 2024 22:29:33  193044 [main] [TRACE] Base.PredefinedActions [PredefinedActions.java:236] - User able to enter the text
06 February 2024 22:29:33  193057 [main] [TRACE] Base.PredefinedActions [PredefinedActions.java:141] - User is trying to get the element
06 February 2024 22:29:33  193096 [main] [TRACE] Base.PredefinedActions [PredefinedActions.java:236] - User able to enter the text
06 February 2024 22:29:33  193109 [main] [TRACE] Base.PredefinedActions [PredefinedActions.java:141] - User is trying to get the element
06 February 2024 22:29:39  199216 [main] [TRACE] Base.PredefinedActions [PredefinedActions.java:229] - User able to click on Elements
06 February 2024 22:29:39  199227 [main] [TRACE] Base.PredefinedActions [PredefinedActions.java:141] - User is trying to get the element
06 February 2024 22:29:39  199275 [main] [TRACE] Base.PredefinedActions [PredefinedActions.java:229] - User able to click on Elements
06 February 2024 22:29:39  199291 [main] [TRACE] Base.PredefinedActions [PredefinedActions.java:141] - User is trying to get the element
06 February 2024 22:29:39  199311 [main] [TRACE] Base.PredefinedActions [PredefinedActions.java:229] - User able to click on Elements
06 February 2024 22:29:39  199325 [main] [TRACE] Base.PredefinedActions [PredefinedActions.java:141] - User is trying to get the element
06 February 2024 22:29:41  200604 [main] [TRACE] Base.PredefinedActions [PredefinedActions.java:229] - User able to click on Elements
06 February 2024 22:29:41  200605 [main] [TRACE] Base.PredefinedActions [PredefinedActions.java:99] - User is trying to get the list of WebElement
06 February 2024 22:29:41  200671 [main] [TRACE] Base.PredefinedActions [PredefinedActions.java:119] - User is trying to get the list of Integer
06 February 2024 22:29:41  200680 [main] [TRACE] Base.PredefinedActions [PredefinedActions.java:141] - User is trying to get the element
06 February 2024 22:29:41  200707 [main] [TRACE] Base.PredefinedActions [PredefinedActions.java:229] - User able to click on Elements
06 February 2024 22:29:41  201509 [main] [TRACE] Base.PredefinedActions [PredefinedActions.java:99] - User is trying to get the list of WebElement
06 February 2024 22:29:41  201575 [main] [TRACE] Base.PredefinedActions [PredefinedActions.java:119] - User is trying to get the list of Integer
]]></system-out>
  </testcase>
  <testcase name="verifyDisabledFields" classname="TestScriptsBackend.VerifyDisabledFieldsTest" time="7.504">
    <system-out><![CDATA[06 February 2024 22:29:44  203639 [main] [TRACE] Base.PredefinedActions [PredefinedActions.java:61] - User able to open the browser
06 February 2024 22:29:47  206621 [main] [TRACE] Base.PredefinedActions [PredefinedActions.java:63] - User able to open the http://live.techpanda.org/index.php/backendlogin/
06 February 2024 22:29:47  206634 [main] [TRACE] Base.PredefinedActions [PredefinedActions.java:141] - User is trying to get the element
06 February 2024 22:29:47  206712 [main] [TRACE] Base.PredefinedActions [PredefinedActions.java:236] - User able to enter the text
06 February 2024 22:29:47  206728 [main] [TRACE] Base.PredefinedActions [PredefinedActions.java:141] - User is trying to get the element
06 February 2024 22:29:47  206761 [main] [TRACE] Base.PredefinedActions [PredefinedActions.java:236] - User able to enter the text
06 February 2024 22:29:47  206777 [main] [TRACE] Base.PredefinedActions [PredefinedActions.java:141] - User is trying to get the element
06 February 2024 22:29:52  212544 [main] [TRACE] Base.PredefinedActions [PredefinedActions.java:229] - User able to click on Elements
06 February 2024 22:29:52  212554 [main] [TRACE] Base.PredefinedActions [PredefinedActions.java:141] - User is trying to get the element
06 February 2024 22:29:53  212593 [main] [TRACE] Base.PredefinedActions [PredefinedActions.java:229] - User able to click on Elements
06 February 2024 22:29:53  212603 [main] [TRACE] Base.PredefinedActions [PredefinedActions.java:141] - User is trying to get the element
06 February 2024 22:29:53  212621 [main] [TRACE] Base.PredefinedActions [PredefinedActions.java:229] - User able to click on Elements
06 February 2024 22:29:53  212631 [main] [TRACE] Base.PredefinedActions [PredefinedActions.java:141] - User is trying to get the element
06 February 2024 22:29:54  214126 [main] [TRACE] Base.PredefinedActions [PredefinedActions.java:229] - User able to click on Elements
]]></system-out>
  </testcase>
  <testcase name="VerifyInvoiceCanBePrinted" classname="TestScriptsBackend.VerifyBackendTest" time="10.649">
    <failure message="stale element reference: stale element not found&#10;  (Session info: chrome=121.0.6167.139)&#10;For documentation on this error, please visit: https://www.selenium.dev/documentation/webdriver/troubleshooting/errors#stale-element-reference-exception&#10;Build info: version: &apos;4.17.0&apos;, revision: &apos;e52b1be057*&apos;&#10;System info: os.name: &apos;Mac OS X&apos;, os.arch: &apos;aarch64&apos;, os.version: &apos;14.3&apos;, java.version: &apos;21.0.1&apos;&#10;Driver info: org.openqa.selenium.chrome.ChromeDriver&#10;Command: [ea0564f0d3d564e5e7ee8ecaedd40483, getElementTagName {id=4B5A7708230FEC45BBC50CD3969DDE2D_element_6017}]&#10;Capabilities {acceptInsecureCerts: false, browserName: chrome, browserVersion: 121.0.6167.139, chrome: {chromedriverVersion: 121.0.6167.85 (3f98d690ad7e..., userDataDir: /var/folders/9y/26jvmzyn5l1...}, fedcm:accounts: true, goog:chromeOptions: {debuggerAddress: localhost:52132}, networkConnectionEnabled: false, pageLoadStrategy: normal, platformName: mac, proxy: Proxy(), se:cdp: ws://localhost:52132/devtoo..., se:cdpVersion: 121.0.6167.139, setWindowRect: true, strictFileInteractability: false, timeouts: {implicit: 0, pageLoad: 300000, script: 30000}, unhandledPromptBehavior: dismiss and notify, webauthn:extension:credBlob: true, webauthn:extension:largeBlob: true, webauthn:extension:minPinLength: true, webauthn:extension:prf: true, webauthn:virtualAuthenticators: true}&#10;Element: [[ChromeDriver: chrome on mac (ea0564f0d3d564e5e7ee8ecaedd40483)] -&gt; css selector: #sales_order_grid_massaction-select]&#10;Session ID: ea0564f0d3d564e5e7ee8ecaedd40483" type="org.openqa.selenium.StaleElementReferenceException"><![CDATA[org.openqa.selenium.StaleElementReferenceException: 
stale element reference: stale element not found
  (Session info: chrome=121.0.6167.139)
For documentation on this error, please visit: https://www.selenium.dev/documentation/webdriver/troubleshooting/errors#stale-element-reference-exception
Build info: version: '4.17.0', revision: 'e52b1be057*'
System info: os.name: 'Mac OS X', os.arch: 'aarch64', os.version: '14.3', java.version: '21.0.1'
Driver info: org.openqa.selenium.chrome.ChromeDriver
Command: [ea0564f0d3d564e5e7ee8ecaedd40483, getElementTagName {id=4B5A7708230FEC45BBC50CD3969DDE2D_element_6017}]
Capabilities {acceptInsecureCerts: false, browserName: chrome, browserVersion: 121.0.6167.139, chrome: {chromedriverVersion: 121.0.6167.85 (3f98d690ad7e..., userDataDir: /var/folders/9y/26jvmzyn5l1...}, fedcm:accounts: true, goog:chromeOptions: {debuggerAddress: localhost:52132}, networkConnectionEnabled: false, pageLoadStrategy: normal, platformName: mac, proxy: Proxy(), se:cdp: ws://localhost:52132/devtoo..., se:cdpVersion: 121.0.6167.139, setWindowRect: true, strictFileInteractability: false, timeouts: {implicit: 0, pageLoad: 300000, script: 30000}, unhandledPromptBehavior: dismiss and notify, webauthn:extension:credBlob: true, webauthn:extension:largeBlob: true, webauthn:extension:minPinLength: true, webauthn:extension:prf: true, webauthn:virtualAuthenticators: true}
Element: [[ChromeDriver: chrome on mac (ea0564f0d3d564e5e7ee8ecaedd40483)] -> css selector: #sales_order_grid_massaction-select]
Session ID: ea0564f0d3d564e5e7ee8ecaedd40483
	at java.base/jdk.internal.reflect.DirectConstructorHandleAccessor.newInstance(DirectConstructorHandleAccessor.java:62)
	at java.base/java.lang.reflect.Constructor.newInstanceWithCaller(Constructor.java:502)
	at java.base/java.lang.reflect.Constructor.newInstance(Constructor.java:486)
	at org.openqa.selenium.remote.codec.w3c.W3CHttpResponseCodec.createException(W3CHttpResponseCodec.java:185)
	at org.openqa.selenium.remote.codec.w3c.W3CHttpResponseCodec.decode(W3CHttpResponseCodec.java:134)
	at org.openqa.selenium.remote.codec.w3c.W3CHttpResponseCodec.decode(W3CHttpResponseCodec.java:51)
	at org.openqa.selenium.remote.HttpCommandExecutor.execute(HttpCommandExecutor.java:190)
	at org.openqa.selenium.remote.service.DriverCommandExecutor.invokeExecute(DriverCommandExecutor.java:216)
	at org.openqa.selenium.remote.service.DriverCommandExecutor.execute(DriverCommandExecutor.java:174)
	at org.openqa.selenium.remote.RemoteWebDriver.execute(RemoteWebDriver.java:519)
	at org.openqa.selenium.remote.RemoteWebElement.execute(RemoteWebElement.java:223)
	at org.openqa.selenium.remote.RemoteWebElement.getTagName(RemoteWebElement.java:134)
	at org.openqa.selenium.support.ui.Select.<init>(Select.java:43)
	at Base.PredefinedActions.selectElementByVisibleText(PredefinedActions.java:78)
	at Pages.Backend.BackendDashboardPage.selectAction(BackendDashboardPage.java:49)
	at TestScriptsBackend.VerifyBackendTest.VerifyInvoiceCanBePrinted(VerifyBackendTest.java:38)
	at java.base/jdk.internal.reflect.DirectMethodHandleAccessor.invoke(DirectMethodHandleAccessor.java:103)
	at java.base/java.lang.reflect.Method.invoke(Method.java:580)
	at org.testng.internal.invokers.MethodInvocationHelper.invokeMethod(MethodInvocationHelper.java:139)
	at org.testng.internal.invokers.TestInvoker.invokeMethod(TestInvoker.java:677)
	at org.testng.internal.invokers.TestInvoker.invokeTestMethod(TestInvoker.java:221)
	at org.testng.internal.invokers.MethodRunner.runInSequence(MethodRunner.java:50)
	at org.testng.internal.invokers.TestInvoker$MethodInvocationAgent.invoke(TestInvoker.java:969)
	at org.testng.internal.invokers.TestInvoker.invokeTestMethods(TestInvoker.java:194)
	at org.testng.internal.invokers.TestMethodWorker.invokeTestMethods(TestMethodWorker.java:148)
	at org.testng.internal.invokers.TestMethodWorker.run(TestMethodWorker.java:128)
	at java.base/java.util.ArrayList.forEach(ArrayList.java:1596)
	at org.testng.TestRunner.privateRun(TestRunner.java:829)
	at org.testng.TestRunner.run(TestRunner.java:602)
	at org.testng.SuiteRunner.runTest(SuiteRunner.java:437)
	at org.testng.SuiteRunner.runSequentially(SuiteRunner.java:431)
	at org.testng.SuiteRunner.privateRun(SuiteRunner.java:391)
	at org.testng.SuiteRunner.run(SuiteRunner.java:330)
	at org.testng.SuiteRunnerWorker.runSuite(SuiteRunnerWorker.java:52)
	at org.testng.SuiteRunnerWorker.run(SuiteRunnerWorker.java:95)
	at org.testng.TestNG.runSuitesSequentially(TestNG.java:1256)
	at org.testng.TestNG.runSuitesLocally(TestNG.java:1176)
	at org.testng.TestNG.runSuites(TestNG.java:1099)
	at org.testng.TestNG.run(TestNG.java:1067)
	at org.apache.maven.surefire.testng.TestNGExecutor.run(TestNGExecutor.java:155)
	at org.apache.maven.surefire.testng.TestNGDirectoryTestSuite.executeMulti(TestNGDirectoryTestSuite.java:169)
	at org.apache.maven.surefire.testng.TestNGDirectoryTestSuite.execute(TestNGDirectoryTestSuite.java:88)
	at org.apache.maven.surefire.testng.TestNGProvider.invoke(TestNGProvider.java:137)
	at org.apache.maven.surefire.booter.ForkedBooter.runSuitesInProcess(ForkedBooter.java:385)
	at org.apache.maven.surefire.booter.ForkedBooter.execute(ForkedBooter.java:162)
	at org.apache.maven.surefire.booter.ForkedBooter.run(ForkedBooter.java:507)
	at org.apache.maven.surefire.booter.ForkedBooter.main(ForkedBooter.java:495)
]]></failure>
    <system-out><![CDATA[06 February 2024 22:29:56  216001 [main] [TRACE] Base.PredefinedActions [PredefinedActions.java:61] - User able to open the browser
06 February 2024 22:29:59  218825 [main] [TRACE] Base.PredefinedActions [PredefinedActions.java:63] - User able to open the http://live.techpanda.org/index.php/backendlogin/
06 February 2024 22:29:59  218841 [main] [TRACE] Base.PredefinedActions [PredefinedActions.java:141] - User is trying to get the element
06 February 2024 22:29:59  218925 [main] [TRACE] Base.PredefinedActions [PredefinedActions.java:236] - User able to enter the text
06 February 2024 22:29:59  218943 [main] [TRACE] Base.PredefinedActions [PredefinedActions.java:141] - User is trying to get the element
06 February 2024 22:29:59  218971 [main] [TRACE] Base.PredefinedActions [PredefinedActions.java:236] - User able to enter the text
06 February 2024 22:29:59  218981 [main] [TRACE] Base.PredefinedActions [PredefinedActions.java:141] - User is trying to get the element
06 February 2024 22:30:05  224943 [main] [TRACE] Base.PredefinedActions [PredefinedActions.java:229] - User able to click on Elements
06 February 2024 22:30:05  224953 [main] [TRACE] Base.PredefinedActions [PredefinedActions.java:141] - User is trying to get the element
06 February 2024 22:30:05  224992 [main] [TRACE] Base.PredefinedActions [PredefinedActions.java:229] - User able to click on Elements
06 February 2024 22:30:05  225004 [main] [TRACE] Base.PredefinedActions [PredefinedActions.java:141] - User is trying to get the element
06 February 2024 22:30:05  225025 [main] [TRACE] Base.PredefinedActions [PredefinedActions.java:229] - User able to click on Elements
06 February 2024 22:30:05  225037 [main] [TRACE] Base.PredefinedActions [PredefinedActions.java:141] - User is trying to get the element
06 February 2024 22:30:06  226329 [main] [TRACE] Base.PredefinedActions [PredefinedActions.java:229] - User able to click on Elements
06 February 2024 22:30:06  226338 [main] [TRACE] Base.PredefinedActions [PredefinedActions.java:141] - User is trying to get the element
06 February 2024 22:30:06  226367 [main] [TRACE] Base.PredefinedActions [PredefinedActions.java:80] - User is able to select the element
06 February 2024 22:30:06  226377 [main] [TRACE] Base.PredefinedActions [PredefinedActions.java:141] - User is trying to get the element
06 February 2024 22:30:06  226398 [main] [TRACE] Base.PredefinedActions [PredefinedActions.java:229] - User able to click on Elements
06 February 2024 22:30:07  227411 [main] [TRACE] Base.PredefinedActions [PredefinedActions.java:141] - User is trying to get the element
06 February 2024 22:30:07  227425 [main] [TRACE] Base.PredefinedActions [PredefinedActions.java:141] - User is trying to get the element
06 February 2024 22:30:07  227447 [main] [TRACE] Base.PredefinedActions [PredefinedActions.java:80] - User is able to select the element
06 February 2024 22:30:07  227455 [main] [TRACE] Base.PredefinedActions [PredefinedActions.java:141] - User is trying to get the element
06 February 2024 22:30:09  228860 [main] [TRACE] Base.PredefinedActions [PredefinedActions.java:229] - User able to click on Elements
06 February 2024 22:30:09  228870 [main] [TRACE] Base.PredefinedActions [PredefinedActions.java:141] - User is trying to get the element
06 February 2024 22:30:09  228876 [main] [TRACE] Base.PredefinedActions [PredefinedActions.java:197] - User is trying to get Element text
06 February 2024 22:30:09  228883 [main] [TRACE] Base.PredefinedActions [PredefinedActions.java:141] - User is trying to get the element
06 February 2024 22:30:09  228904 [main] [TRACE] Base.PredefinedActions [PredefinedActions.java:80] - User is able to select the element
06 February 2024 22:30:09  228914 [main] [TRACE] Base.PredefinedActions [PredefinedActions.java:141] - User is trying to get the element
06 February 2024 22:30:09  228933 [main] [TRACE] Base.PredefinedActions [PredefinedActions.java:229] - User able to click on Elements
06 February 2024 22:30:09  229443 [main] [TRACE] Base.PredefinedActions [PredefinedActions.java:141] - User is trying to get the element
06 February 2024 22:30:09  229455 [main] [TRACE] Base.PredefinedActions [PredefinedActions.java:141] - User is trying to get the element
]]></system-out>
  </testcase>
</testsuite>